2024-09-01 16:47:42,037 [INFO] Activator:176 - 


2024-09-01 16:47:42,039 [INFO] Activator:177 - !SESSION log4j initialized
2024-09-01 16:47:44,758 [INFO] LogOutputStream:77 - [STDOUT_REDIRECT] 
2024-09-01 16:48:07,922 [ERROR] LogOutputStream:75 - [STDERR_REDIRECT] SLF4J: Failed to load class "org.slf4j.impl.StaticLoggerBinder".
2024-09-01 16:48:07,923 [ERROR] LogOutputStream:75 - [STDERR_REDIRECT] SLF4J: Defaulting to no-operation (NOP) logger implementation
2024-09-01 16:48:07,923 [ERROR] LogOutputStream:75 - [STDERR_REDIRECT] SLF4J: See http://www.slf4j.org/codes.html#StaticLoggerBinder for further details.
2024-09-01 16:48:16,542 [INFO] ApplicationProperties:184 - Using Application install path: /opt/st/stm32cubeide_1.12.1/plugins/com.st.stm32cube.common.mx_6.8.1.202304191431
2024-09-01 16:48:16,578 [INFO] DbMcusXml:78 - Set database path to: /opt/st/stm32cubeide_1.12.1/plugins/com.st.stm32cube.common.mx_6.8.1.202304191431//db//mcu/
2024-09-01 16:48:16,579 [INFO] ApiDb:274 - Set plugin database path to: /opt/st/stm32cubeide_1.12.1/plugins/com.st.stm32cube.common.mx_6.8.1.202304191431//db//plugins/boardmanager/
2024-09-01 16:48:16,583 [WARN] ApiDb:259 - Overriding images path with different value:  => /opt/st/stm32cubeide_1.12.1/plugins/com.st.stm32cube.common.mx_6.8.1.202304191431//db//plugins/mcufinder/images/
2024-09-01 16:48:17,822 [WARN] ApiFinderProperties:113 - /home/gyumin/.stmcufinder/plugins/mcufinder/mcu/mcuFinder.mfd doesn't exist
2024-09-01 16:48:17,823 [INFO] ApiDb:250 - Set database path to: /home/gyumin/.stmcufinder/plugins/mcufinder//mcu/
2024-09-01 16:48:17,826 [INFO] DbMcusAds:125 - Set database path to: /home/gyumin/.stmcufinder/plugins/mcufinder//mcu/
2024-09-01 16:48:19,071 [INFO] CrossReferenceDbSqlite:203 - Set database path to: /home/gyumin/.stmcufinder/plugins/mcufinder//mcu/cs/
2024-09-01 16:48:19,276 [INFO] RulesReader:64 - Compatibility file has been processed (293 Rules)
2024-09-01 16:48:19,380 [INFO] DbMcusXml:78 - Set database path to: /opt/st/stm32cubeide_1.12.1/plugins/com.st.stm32cube.common.mx_6.8.1.202304191431//db//mcu/
2024-09-01 16:48:19,381 [INFO] ApiDb:274 - Set plugin database path to: /opt/st/stm32cubeide_1.12.1/plugins/com.st.stm32cube.common.mx_6.8.1.202304191431//db//plugins/boardmanager/
2024-09-01 16:48:19,381 [INFO] ApiDb:261 - Set plugin images path to: /opt/st/stm32cubeide_1.12.1/plugins/com.st.stm32cube.common.mx_6.8.1.202304191431//db//plugins/mcufinder/images/
2024-09-01 16:48:19,382 [WARN] DbFile:41 - Overriding database path with different value: /home/gyumin/.stmcufinder/plugins/mcufinder/ => /home/gyumin/.stmcufinder/plugins/mcufinder
2024-09-01 16:48:19,382 [INFO] ApiDb:250 - Set database path to: /home/gyumin/.stmcufinder/plugins/mcufinder//mcu/
2024-09-01 16:48:19,382 [WARN] DbFile:41 - Overriding database path with different value: /home/gyumin/.stmcufinder/plugins/mcufinder/ => /home/gyumin/.stmcufinder/plugins/mcufinder
2024-09-01 16:48:19,382 [INFO] DbMcusAds:125 - Set database path to: /home/gyumin/.stmcufinder/plugins/mcufinder//mcu/
2024-09-01 16:48:19,382 [WARN] DbFile:41 - Overriding database path with different value: /home/gyumin/.stmcufinder/plugins/mcufinder/ => /home/gyumin/.stmcufinder/plugins/mcufinder
2024-09-01 16:48:19,382 [WARN] DbFile:41 - Overriding database path with different value: /home/gyumin/.stmcufinder/plugins/mcufinder/ => /home/gyumin/.stmcufinder/plugins/mcufinder
2024-09-01 16:48:19,383 [INFO] CrossReferenceDbSqlite:203 - Set database path to: /home/gyumin/.stmcufinder/plugins/mcufinder//mcu/cs/
2024-09-01 16:48:19,498 [INFO] MainPanel:253 - HeapMemory: 300941312
2024-09-01 16:48:19,704 [INFO] DbMcusXml:78 - Set database path to: /opt/st/stm32cubeide_1.12.1/plugins/com.st.stm32cube.common.mx_6.8.1.202304191431//db//mcu/
2024-09-01 16:48:19,705 [INFO] ApiDb:274 - Set plugin database path to: /opt/st/stm32cubeide_1.12.1/plugins/com.st.stm32cube.common.mx_6.8.1.202304191431//db//plugins/boardmanager/
2024-09-01 16:48:19,706 [INFO] ApiDb:261 - Set plugin images path to: /opt/st/stm32cubeide_1.12.1/plugins/com.st.stm32cube.common.mx_6.8.1.202304191431//db//plugins/mcufinder/images/
2024-09-01 16:48:19,709 [WARN] DbFile:41 - Overriding database path with different value: /home/gyumin/.stmcufinder/plugins/mcufinder/ => /home/gyumin/.stmcufinder/plugins/mcufinder
2024-09-01 16:48:19,709 [INFO] ApiDb:250 - Set database path to: /home/gyumin/.stmcufinder/plugins/mcufinder//mcu/
2024-09-01 16:48:19,710 [WARN] DbFile:41 - Overriding database path with different value: /home/gyumin/.stmcufinder/plugins/mcufinder/ => /home/gyumin/.stmcufinder/plugins/mcufinder
2024-09-01 16:48:19,710 [INFO] DbMcusAds:125 - Set database path to: /home/gyumin/.stmcufinder/plugins/mcufinder//mcu/
2024-09-01 16:48:19,710 [WARN] DbFile:41 - Overriding database path with different value: /home/gyumin/.stmcufinder/plugins/mcufinder/ => /home/gyumin/.stmcufinder/plugins/mcufinder
2024-09-01 16:48:19,711 [WARN] DbFile:41 - Overriding database path with different value: /home/gyumin/.stmcufinder/plugins/mcufinder/ => /home/gyumin/.stmcufinder/plugins/mcufinder
2024-09-01 16:48:19,711 [INFO] CrossReferenceDbSqlite:203 - Set database path to: /home/gyumin/.stmcufinder/plugins/mcufinder//mcu/cs/
2024-09-01 16:48:19,752 [INFO] ApplicationProperties:184 - Using Application install path: /opt/st/stm32cubeide_1.12.1/plugins/com.st.stm32cube.common.mx_6.8.1.202304191431
2024-09-01 16:48:19,756 [INFO] PluginManage:196 - Search for loadable plugins [exclusion list=, ]
2024-09-01 16:48:19,759 [INFO] PluginManage:310 - Check plugin analytics
2024-09-01 16:48:19,996 [INFO] AnalyticsPlugin:253 - Accepted Software Licenses: 
2024-09-01 16:48:19,997 [INFO] AnalyticsPlugin:255 - Accepted CMSIS Pack Licenses: 
2024-09-01 16:48:19,997 [INFO] AnalyticsPlugin:257 - Accepted Firmware Licenses: 
2024-09-01 16:48:20,007 [INFO] PluginManage:359 - Loaded plugin analytics (category:tool,tabindex:-1)
2024-09-01 16:48:20,008 [INFO] PluginManage:310 - Check plugin cadmodel
2024-09-01 16:48:20,138 [INFO] CADModel:105 - Init CAD model plugin
2024-09-01 16:48:20,138 [INFO] PluginManage:359 - Loaded plugin cadmodel (category:power,tabindex:5)
2024-09-01 16:48:20,139 [INFO] PluginManage:310 - Check plugin clock
2024-09-01 16:48:20,153 [INFO] PluginManage:359 - Loaded plugin clock (category:base,tabindex:2)
2024-09-01 16:48:20,154 [INFO] PluginManage:310 - Check plugin ddr
2024-09-01 16:48:20,157 [INFO] PluginManage:359 - Loaded plugin ddr (category:tool,tabindex:6)
2024-09-01 16:48:20,158 [INFO] PluginManage:310 - Check plugin filemanager
2024-09-01 16:48:20,403 [INFO] PluginManage:359 - Loaded plugin filemanager (category:base,tabindex:10)
2024-09-01 16:48:20,404 [INFO] PluginManage:310 - Check plugin ipmanager
2024-09-01 16:48:20,414 [INFO] PluginManage:359 - Loaded plugin ipmanager (category:base,tabindex:5)
2024-09-01 16:48:20,414 [INFO] PluginManage:310 - Check plugin lpbam
2024-09-01 16:48:20,431 [INFO] PluginManage:359 - Loaded plugin lpbam (category:base,tabindex:0)
2024-09-01 16:48:20,431 [INFO] PluginManage:310 - Check plugin pinoutandconfiguration
2024-09-01 16:48:20,446 [INFO] PluginManage:359 - Loaded plugin pinoutandconfiguration (category:base,tabindex:1)
2024-09-01 16:48:20,447 [INFO] PluginManage:310 - Check plugin pinoutconfig
2024-09-01 16:48:20,570 [WARN] SupportedApi:132 - Cannot load RTOS API schema: s4s-elt-must-match.1: The content of 'definitions' must match (annotation?, (simpleType | complexType)?, (unique | key | keyref)*)). A problem was found starting at: attribute.
2024-09-01 16:48:20,802 [INFO] PluginManage:359 - Loaded plugin pinoutconfig (category:base,tabindex:0)
2024-09-01 16:48:20,803 [INFO] PluginManage:310 - Check plugin power
2024-09-01 16:48:20,818 [INFO] PluginManage:359 - Loaded plugin power (category:power,tabindex:4)
2024-09-01 16:48:20,818 [INFO] PluginManage:310 - Check plugin projectmanager
2024-09-01 16:48:20,846 [INFO] PluginManage:359 - Loaded plugin projectmanager (category:projectmanager,tabindex:3)
2024-09-01 16:48:20,847 [INFO] PluginManage:310 - Check plugin thirdparty
2024-09-01 16:48:21,030 [INFO] PluginManage:359 - Loaded plugin thirdparty (category:base,tabindex:-1)
2024-09-01 16:48:21,030 [WARN] IntegrityCheckThread:84 - waiting for thirdparty lock release [integrity check]
2024-09-01 16:48:21,031 [INFO] PluginManage:310 - Check plugin tools
2024-09-01 16:48:21,031 [INFO] IntegrityCheckThread:86 - entering critical section [integrity check]
2024-09-01 16:48:21,035 [INFO] PluginManage:359 - Loaded plugin tools (category:base,tabindex:7)
2024-09-01 16:48:21,035 [INFO] ThirdPartyUpdaterWithRetryManager:70 - Updater plugin not ready yet. [1/15]
2024-09-01 16:48:21,035 [INFO] PluginManage:310 - Check plugin tutovideos
2024-09-01 16:48:21,397 [INFO] PluginManage:359 - Loaded plugin tutovideos (category:base,tabindex:-1)
2024-09-01 16:48:21,397 [INFO] PluginManage:310 - Check plugin updater
2024-09-01 16:48:21,424 [INFO] PluginManage:359 - Loaded plugin updater (category:base,tabindex:12)
2024-09-01 16:48:21,425 [INFO] PluginManage:283 - PluginManage : Loaded plugins [15]
2024-09-01 16:48:21,821 [INFO] PinOutPanel:1499 - setPackage(No Configuration,No Configuration)
2024-09-01 16:48:21,912 [INFO] CADModel:165 - CPN selected for project level
2024-09-01 16:48:21,913 [INFO] CADModel:114 - Register for checkConnection events
2024-09-01 16:48:21,939 [INFO] IPUIPlugin:80 - create IPUIPlugin
2024-09-01 16:48:21,939 [INFO] PluginManager:220 - loadIPPluginJar : add ipddr
2024-09-01 16:48:21,943 [INFO] IPUIPlugin:80 - create IPUIPlugin
2024-09-01 16:48:21,944 [INFO] PluginManager:220 - loadIPPluginJar : add dma3
2024-09-01 16:48:21,949 [INFO] IPUIPlugin:80 - create IPUIPlugin
2024-09-01 16:48:21,949 [INFO] PluginManager:220 - loadIPPluginJar : add nvic
2024-09-01 16:48:21,952 [INFO] IPUIPlugin:80 - create IPUIPlugin
2024-09-01 16:48:21,952 [INFO] PluginManager:220 - loadIPPluginJar : add ucpd
2024-09-01 16:48:21,954 [INFO] IPUIPlugin:80 - create IPUIPlugin
2024-09-01 16:48:21,954 [INFO] PluginManager:220 - loadIPPluginJar : add ltdc
2024-09-01 16:48:21,964 [INFO] IPUIPlugin:80 - create IPUIPlugin
2024-09-01 16:48:21,964 [INFO] PluginManager:220 - loadIPPluginJar : add dma
2024-09-01 16:48:21,968 [INFO] IPUIPlugin:80 - create IPUIPlugin
2024-09-01 16:48:21,968 [INFO] PluginManager:220 - loadIPPluginJar : add cryp
2024-09-01 16:48:21,972 [INFO] IPUIPlugin:80 - create IPUIPlugin
2024-09-01 16:48:21,972 [INFO] PluginManager:220 - loadIPPluginJar : add usbx
2024-09-01 16:48:21,974 [INFO] IPUIPlugin:80 - create IPUIPlugin
2024-09-01 16:48:21,974 [INFO] PluginManager:220 - loadIPPluginJar : add comp
2024-09-01 16:48:21,977 [INFO] IPUIPlugin:80 - create IPUIPlugin
2024-09-01 16:48:21,977 [INFO] PluginManager:220 - loadIPPluginJar : add genericplugin
2024-09-01 16:48:21,979 [INFO] IPUIPlugin:80 - create IPUIPlugin
2024-09-01 16:48:21,979 [INFO] PluginManager:220 - loadIPPluginJar : add fatfs
2024-09-01 16:48:21,981 [INFO] IPUIPlugin:80 - create IPUIPlugin
2024-09-01 16:48:21,982 [INFO] PluginManager:220 - loadIPPluginJar : add ts
2024-09-01 16:48:21,984 [INFO] IPUIPlugin:80 - create IPUIPlugin
2024-09-01 16:48:21,984 [INFO] PluginManager:220 - loadIPPluginJar : add tim
2024-09-01 16:48:21,993 [INFO] IPUIPlugin:80 - create IPUIPlugin
2024-09-01 16:48:21,994 [INFO] PluginManager:220 - loadIPPluginJar : add freertos
2024-09-01 16:48:21,997 [INFO] IPUIPlugin:80 - create IPUIPlugin
2024-09-01 16:48:21,997 [INFO] PluginManager:220 - loadIPPluginJar : add lorawan
2024-09-01 16:48:22,001 [INFO] IPUIPlugin:80 - create IPUIPlugin
2024-09-01 16:48:22,002 [INFO] PluginManager:220 - loadIPPluginJar : add gtzc
2024-09-01 16:48:22,005 [INFO] IPUIPlugin:80 - create IPUIPlugin
2024-09-01 16:48:22,005 [INFO] PluginManager:220 - loadIPPluginJar : add i3c
2024-09-01 16:48:22,015 [INFO] IPUIPlugin:80 - create IPUIPlugin
2024-09-01 16:48:22,015 [INFO] PluginManager:220 - loadIPPluginJar : add resmgrutility
2024-09-01 16:48:22,020 [INFO] IPUIPlugin:80 - create IPUIPlugin
2024-09-01 16:48:22,020 [INFO] PluginManager:220 - loadIPPluginJar : add opamp
2024-09-01 16:48:22,022 [INFO] IPUIPlugin:80 - create IPUIPlugin
2024-09-01 16:48:22,022 [INFO] PluginManager:220 - loadIPPluginJar : add quadspi
2024-09-01 16:48:22,029 [INFO] IPUIPlugin:80 - create IPUIPlugin
2024-09-01 16:48:22,029 [INFO] PluginManager:220 - loadIPPluginJar : add fmc
2024-09-01 16:48:22,037 [INFO] IPUIPlugin:80 - create IPUIPlugin
2024-09-01 16:48:22,038 [INFO] PluginManager:220 - loadIPPluginJar : add stm32_wpan
2024-09-01 16:48:22,041 [INFO] IPUIPlugin:80 - create IPUIPlugin
2024-09-01 16:48:22,042 [INFO] PluginManager:220 - loadIPPluginJar : add usart
2024-09-01 16:48:22,050 [INFO] IPUIPlugin:80 - create IPUIPlugin
2024-09-01 16:48:22,050 [INFO] PluginManager:220 - loadIPPluginJar : add gic
2024-09-01 16:48:22,054 [INFO] IPUIPlugin:80 - create IPUIPlugin
2024-09-01 16:48:22,054 [INFO] PluginManager:220 - loadIPPluginJar : add i2s
2024-09-01 16:48:22,059 [INFO] IPUIPlugin:80 - create IPUIPlugin
2024-09-01 16:48:22,059 [INFO] PluginManager:220 - loadIPPluginJar : add touchsensing
2024-09-01 16:48:22,062 [INFO] IPUIPlugin:80 - create IPUIPlugin
2024-09-01 16:48:22,063 [INFO] PluginManager:220 - loadIPPluginJar : add aes
2024-09-01 16:48:22,066 [INFO] IPUIPlugin:80 - create IPUIPlugin
2024-09-01 16:48:22,067 [INFO] PluginManager:220 - loadIPPluginJar : add can
2024-09-01 16:48:22,077 [INFO] IPUIPlugin:80 - create IPUIPlugin
2024-09-01 16:48:22,081 [INFO] PluginManager:220 - loadIPPluginJar : add plateformsettings
2024-09-01 16:48:22,084 [INFO] IPUIPlugin:80 - create IPUIPlugin
2024-09-01 16:48:22,084 [INFO] PluginManager:220 - loadIPPluginJar : add tsc
2024-09-01 16:48:22,087 [INFO] IPUIPlugin:80 - create IPUIPlugin
2024-09-01 16:48:22,087 [INFO] PluginManager:220 - loadIPPluginJar : add i2c
2024-09-01 16:48:22,092 [INFO] IPUIPlugin:80 - create IPUIPlugin
2024-09-01 16:48:22,092 [INFO] PluginManager:220 - loadIPPluginJar : add sai
2024-09-01 16:48:22,095 [INFO] IPUIPlugin:80 - create IPUIPlugin
2024-09-01 16:48:22,095 [INFO] PluginManager:220 - loadIPPluginJar : add tracer_emb
2024-09-01 16:48:22,098 [INFO] IPUIPlugin:80 - create IPUIPlugin
2024-09-01 16:48:22,099 [INFO] PluginManager:220 - loadIPPluginJar : add openamp
2024-09-01 16:48:22,102 [INFO] IPUIPlugin:80 - create IPUIPlugin
2024-09-01 16:48:22,102 [INFO] PluginManager:220 - loadIPPluginJar : add spi
2024-09-01 16:48:22,105 [INFO] IPUIPlugin:80 - create IPUIPlugin
2024-09-01 16:48:22,105 [INFO] PluginManager:220 - loadIPPluginJar : add gfxmmu
2024-09-01 16:48:22,118 [INFO] IPUIPlugin:80 - create IPUIPlugin
2024-09-01 16:48:22,118 [INFO] PluginManager:220 - loadIPPluginJar : add linkedlist
2024-09-01 16:48:22,128 [INFO] IPUIPlugin:80 - create IPUIPlugin
2024-09-01 16:48:22,128 [INFO] PluginManager:220 - loadIPPluginJar : add adc
2024-09-01 16:48:22,139 [INFO] IPUIPlugin:80 - create IPUIPlugin
2024-09-01 16:48:22,139 [INFO] PluginManager:220 - loadIPPluginJar : add mdma
2024-09-01 16:48:22,142 [INFO] IPUIPlugin:80 - create IPUIPlugin
2024-09-01 16:48:22,142 [INFO] PluginManager:220 - loadIPPluginJar : add hash
2024-09-01 16:48:22,146 [INFO] IPUIPlugin:80 - create IPUIPlugin
2024-09-01 16:48:22,146 [INFO] PluginManager:220 - loadIPPluginJar : add dfsdm
2024-09-01 16:48:22,153 [INFO] IPUIPlugin:80 - create IPUIPlugin
2024-09-01 16:48:22,153 [INFO] PluginManager:220 - loadIPPluginJar : add gpio
2024-09-01 16:48:22,159 [INFO] IPUIPlugin:80 - create IPUIPlugin
2024-09-01 16:48:22,159 [INFO] PluginManager:220 - loadIPPluginJar : add pdm2pcm
2024-09-01 16:48:22,299 [INFO] CADModel:165 - CPN selected for project level
2024-09-01 16:48:22,300 [INFO] CADModel:114 - Register for checkConnection events
2024-09-01 16:48:22,300 [FATAL] Updater:308 - Updater called before beeing initialized
2024-09-01 16:48:22,301 [ERROR] CADModel:125 - Updater not yet initialized, retry later 
2024-09-01 16:48:22,533 [INFO] CADModel:165 - CPN selected for project level
2024-09-01 16:48:22,533 [INFO] CADModel:114 - Register for checkConnection events
2024-09-01 16:48:22,534 [FATAL] Updater:308 - Updater called before beeing initialized
2024-09-01 16:48:22,534 [ERROR] CADModel:125 - Updater not yet initialized, retry later 
2024-09-01 16:48:22,540 [FATAL] Updater:308 - Updater called before beeing initialized
2024-09-01 16:48:22,714 [FATAL] Updater:308 - Updater called before beeing initialized
2024-09-01 16:48:22,756 [INFO] DbMcusAds:53 - JSON generation date=Thu Sep 30 15:55:09 KST 2021 (1632984909247)
2024-09-01 16:48:22,757 [FATAL] Updater:308 - Updater called before beeing initialized
2024-09-01 16:48:22,820 [WARN] DetailPanel:346 - Failed to get advertising image, set to default
2024-09-01 16:48:23,037 [FATAL] Updater:308 - Updater called before beeing initialized
2024-09-01 16:48:23,040 [FATAL] Updater:308 - Updater called before beeing initialized
2024-09-01 16:48:23,040 [FATAL] Updater:308 - Updater called before beeing initialized
2024-09-01 16:48:23,040 [WARN] DetailPanel:346 - Failed to get advertising image, set to default
2024-09-01 16:48:23,042 [FATAL] Updater:308 - Updater called before beeing initialized
2024-09-01 16:48:23,096 [ERROR] Updater:1120 - MainUpdater not yet initialized. External WinMGr cannot be set.
2024-09-01 16:48:23,100 [INFO] Updater:1056 - Updater Version found : 6.8.1
2024-09-01 16:48:23,135 [INFO] ApplicationProperties:184 - Using Application install path: /opt/st/stm32cubeide_1.12.1/plugins/com.st.stm32cube.common.mx_6.8.1.202304191431
2024-09-01 16:48:23,188 [INFO] MainUpdater:519 - Copy updater definitions from MX database
2024-09-01 16:48:23,219 [INFO] MainUpdater:552 - Copy flag file definitions from MX database
2024-09-01 16:48:23,220 [INFO] MainUpdater:568 - Copy thirdparty index definitions from MX database
2024-09-01 16:48:23,221 [INFO] MainUpdater:587 - Copy default thirdparty db definitions from MX database
2024-09-01 16:48:23,402 [INFO] MainUpdater:2854 - connection check result : 10
2024-09-01 16:48:23,402 [INFO] MainUpdater:3548 - Updater definition file requires update
2024-09-01 16:48:23,404 [INFO] MainUpdater:283 - Updater Check For Update Now.
2024-09-01 16:48:23,406 [INFO] MicroXplorer:498 - Change Database Version : DB.6.0.81
2024-09-01 16:48:23,571 [INFO] ServerAccessManage:473 - Download File updaters.zip
2024-09-01 16:48:24,037 [WARN] MainUpdater:1187 - Updater busy. Cannot search thirdparties
2024-09-01 16:48:24,037 [INFO] ThirdPartyUpdaterWithRetryManager:96 - Updater plugin is busy. [1/15]
2024-09-01 16:48:24,286 [INFO] FileExtend:240 - Unzip File : updaters.zip
2024-09-01 16:48:24,286 [INFO] FileExtend:255 - Standard Zip Deflate
2024-09-01 16:48:24,685 [INFO] ServerAccessManage:473 - Download File PacksControlFlags.xml
2024-09-01 16:48:24,992 [INFO] ServerAccessManage:473 - Download File cubemx.pidx
2024-09-01 16:48:25,709 [INFO] ServerAccessManage:473 - Download File STMicroelectronics.FP-ATR-ASTRA1.pdsc
2024-09-01 16:48:27,037 [WARN] MainUpdater:1187 - Updater busy. Cannot search thirdparties
2024-09-01 16:48:27,038 [INFO] ThirdPartyUpdaterWithRetryManager:96 - Updater plugin is busy. [2/15]
2024-09-01 16:48:27,346 [INFO] ServerAccessManage:473 - Download File STMicroelectronics.FP-ATR-SIGFOX1.pdsc
2024-09-01 16:48:28,574 [INFO] ServerAccessManage:473 - Download File STMicroelectronics.FP-SNS-STBOX1.pdsc
2024-09-01 16:48:29,795 [INFO] ServerAccessManage:473 - Download File STMicroelectronics.FP-SNS-FLIGHT1.pdsc
2024-09-01 16:48:30,038 [WARN] MainUpdater:1187 - Updater busy. Cannot search thirdparties
2024-09-01 16:48:30,039 [INFO] ThirdPartyUpdaterWithRetryManager:96 - Updater plugin is busy. [3/15]
2024-09-01 16:48:31,989 [INFO] ServerAccessManage:473 - Download File STMicroelectronics.FP-SNS-MOTENV1.pdsc
2024-09-01 16:48:33,039 [WARN] MainUpdater:1187 - Updater busy. Cannot search thirdparties
2024-09-01 16:48:33,040 [INFO] ThirdPartyUpdaterWithRetryManager:96 - Updater plugin is busy. [4/15]
2024-09-01 16:48:34,977 [INFO] ServerAccessManage:473 - Download File STMicroelectronics.FP-SNS-MOTENVWB1.pdsc
2024-09-01 16:48:36,040 [WARN] MainUpdater:1187 - Updater busy. Cannot search thirdparties
2024-09-01 16:48:36,040 [INFO] ThirdPartyUpdaterWithRetryManager:96 - Updater plugin is busy. [5/15]
2024-09-01 16:48:38,205 [INFO] ServerAccessManage:473 - Download File STMicroelectronics.FP-SNS-SMARTAG2.pdsc
2024-09-01 16:48:39,041 [WARN] MainUpdater:1187 - Updater busy. Cannot search thirdparties
2024-09-01 16:48:39,041 [INFO] ThirdPartyUpdaterWithRetryManager:96 - Updater plugin is busy. [6/15]
2024-09-01 16:48:39,437 [INFO] ServerAccessManage:473 - Download File STMicroelectronics.X-CUBE-AI.pdsc
2024-09-01 16:48:42,042 [WARN] MainUpdater:1187 - Updater busy. Cannot search thirdparties
2024-09-01 16:48:42,042 [INFO] ThirdPartyUpdaterWithRetryManager:96 - Updater plugin is busy. [7/15]
2024-09-01 16:48:43,498 [INFO] MainUpdater:2854 - connection check result : 10
2024-09-01 16:48:45,043 [WARN] MainUpdater:1187 - Updater busy. Cannot search thirdparties
2024-09-01 16:48:45,044 [INFO] ThirdPartyUpdaterWithRetryManager:96 - Updater plugin is busy. [8/15]
2024-09-01 16:48:48,044 [WARN] MainUpdater:1187 - Updater busy. Cannot search thirdparties
2024-09-01 16:48:48,045 [INFO] ThirdPartyUpdaterWithRetryManager:96 - Updater plugin is busy. [9/15]
2024-09-01 16:48:51,046 [WARN] MainUpdater:1187 - Updater busy. Cannot search thirdparties
2024-09-01 16:48:51,047 [INFO] ThirdPartyUpdaterWithRetryManager:96 - Updater plugin is busy. [10/15]
2024-09-01 16:48:53,364 [INFO] ServerAccessManage:473 - Download File STMicroelectronics.X-CUBE-ALS.pdsc
2024-09-01 16:48:54,048 [WARN] MainUpdater:1187 - Updater busy. Cannot search thirdparties
2024-09-01 16:48:54,049 [INFO] ThirdPartyUpdaterWithRetryManager:96 - Updater plugin is busy. [11/15]
2024-09-01 16:48:55,144 [INFO] ServerAccessManage:473 - Download File STMicroelectronics.X-CUBE-BLE1.pdsc
2024-09-01 16:48:57,050 [WARN] MainUpdater:1187 - Updater busy. Cannot search thirdparties
2024-09-01 16:48:57,050 [INFO] ThirdPartyUpdaterWithRetryManager:96 - Updater plugin is busy. [12/15]
2024-09-01 16:48:59,912 [ERROR] ServerAccessManage:1089 - Problem, file not found on Server
2024-09-01 16:49:00,051 [WARN] MainUpdater:1187 - Updater busy. Cannot search thirdparties
2024-09-01 16:49:00,051 [INFO] ThirdPartyUpdaterWithRetryManager:96 - Updater plugin is busy. [13/15]
2024-09-01 16:49:00,324 [INFO] ServerAccessManage:473 - Download File STMicroelectronics.X-CUBE-BLE2.pdsc
2024-09-01 16:49:03,052 [WARN] MainUpdater:1187 - Updater busy. Cannot search thirdparties
2024-09-01 16:49:03,052 [INFO] ThirdPartyUpdaterWithRetryManager:96 - Updater plugin is busy. [14/15]
2024-09-01 16:49:03,709 [INFO] ServerAccessManage:473 - Download File STMicroelectronics.X-CUBE-BLEMGR.pdsc
2024-09-01 16:49:06,053 [WARN] MainUpdater:1187 - Updater busy. Cannot search thirdparties
2024-09-01 16:49:06,053 [INFO] ThirdPartyUpdaterWithRetryManager:96 - Updater plugin is busy. [15/15]
2024-09-01 16:49:06,054 [ERROR] IntegrityCheckThread:130 - Cannot retrieve database content from updater: error -1
2024-09-01 16:49:06,055 [INFO] ThirdParty:978 - Integrity check success = false
2024-09-01 16:49:06,055 [INFO] IntegrityCheckThread:100 - exiting critical section [integrity check]
2024-09-01 16:49:06,056 [INFO] IntegrityCheckThread:103 - End integrity checks thread
2024-09-01 16:49:06,774 [INFO] ServerAccessManage:473 - Download File STMicroelectronics.X-CUBE-DISPLAY.pdsc
2024-09-01 16:49:08,947 [INFO] ServerAccessManage:473 - Download File STMicroelectronics.X-CUBE-DPOWER.pdsc
2024-09-01 16:49:09,839 [ERROR] ServerAccessManage:1089 - Problem, file not found on Server
2024-09-01 16:49:10,248 [ERROR] ServerAccessManage:1089 - Problem, file not found on Server
2024-09-01 16:49:11,176 [ERROR] ServerAccessManage:1089 - Problem, file not found on Server
2024-09-01 16:49:11,243 [INFO] MainUpdater:2854 - connection check result : 10
2024-09-01 16:49:12,058 [ERROR] ServerAccessManage:1089 - Problem, file not found on Server
2024-09-01 16:49:12,910 [ERROR] ServerAccessManage:1089 - Problem, file not found on Server
2024-09-01 16:49:13,737 [ERROR] ServerAccessManage:1089 - Problem, file not found on Server
2024-09-01 16:49:14,658 [ERROR] ServerAccessManage:1089 - Problem, file not found on Server
2024-09-01 16:49:15,534 [ERROR] ServerAccessManage:1089 - Problem, file not found on Server
2024-09-01 16:49:16,376 [ERROR] ServerAccessManage:1089 - Problem, file not found on Server
2024-09-01 16:49:17,194 [ERROR] ServerAccessManage:1089 - Problem, file not found on Server
2024-09-01 16:49:18,022 [ERROR] ServerAccessManage:1089 - Problem, file not found on Server
2024-09-01 16:49:18,347 [INFO] ServerAccessManage:473 - Download File STMicroelectronics.X-CUBE-EEPRMA1.pdsc
2024-09-01 16:49:19,125 [ERROR] ServerAccessManage:1089 - Problem, file not found on Server
2024-09-01 16:49:20,103 [ERROR] ServerAccessManage:1089 - Problem, file not found on Server
2024-09-01 16:49:21,247 [INFO] ServerAccessManage:473 - Download File STMicroelectronics.X-CUBE-FREERTOS.pdsc
2024-09-01 16:49:23,097 [INFO] ServerAccessManage:473 - Download File STMicroelectronics.X-CUBE-GNSS1.pdsc
2024-09-01 16:49:26,948 [ERROR] ServerAccessManage:1089 - Problem, file not found on Server
2024-09-01 16:49:27,878 [ERROR] ServerAccessManage:1089 - Problem, file not found on Server
2024-09-01 16:49:28,750 [ERROR] ServerAccessManage:1089 - Problem, file not found on Server
2024-09-01 16:49:29,611 [ERROR] ServerAccessManage:1089 - Problem, file not found on Server
2024-09-01 16:49:30,042 [ERROR] ServerAccessManage:1089 - Problem, file not found on Server
2024-09-01 16:49:30,487 [ERROR] ServerAccessManage:1089 - Problem, file not found on Server
2024-09-01 16:49:30,840 [INFO] ServerAccessManage:473 - Download File STMicroelectronics.X-CUBE-ISPU.pdsc
2024-09-01 16:49:31,670 [INFO] ApiDb:581 - Connected to CubeFinder SQLite database (/home/gyumin/.stmcufinder/plugins/mcufinder/mcu/cube-finder-db.db)
2024-09-01 16:49:31,757 [INFO] MainUpdater:2854 - connection check result : 10
2024-09-01 16:49:31,830 [INFO] ApiDb:668 - CubeFinder database Data Model version=2.1
2024-09-01 16:49:31,830 [INFO] ApiDb:669 - CubeFinder database Configuration version=3.0.35
2024-09-01 16:49:31,831 [INFO] ApiDb:670 - CubeFinder database generation date=2023-04-03 (1680511692)
2024-09-01 16:49:31,833 [INFO] ApiDb:671 - CubeFinder database FW Pack versions=[FP-ATR-ASTRA1_V2.0.0, STM32Cube_FW_C0_V1.0.1, STM32Cube_FW_F0_V1.11.4, STM32Cube_FW_F3_V1.11.4, STM32Cube_FW_F4_V1.27.1, STM32Cube_FW_F7_V1.17.0, STM32Cube_FW_G0_V1.6.1, STM32Cube_FW_G4_V1.5.1, STM32Cube_FW_H5_V0.5.1, STM32Cube_FW_H5_V1.0.0, STM32Cube_FW_H7_V1.11.0, STM32Cube_FW_L0_V1.12.2, STM32Cube_FW_L5_V1.5.0, STM32Cube_FW_U5_V1.2.0, STM32Cube_FW_WBA_V1.0.0, STM32Cube_FW_WBA_V1.0.0RC1, STM32Cube_FW_WBA_V1.0.0RC3, STM32Cube_FW_WB_V1.15.0RC1, STM32Cube_FW_WB_V1.16.0, STM32Cube_FW_WB_V1.16.0RC2, STM32Cube_FW_WL_V1.3.0, X-CUBE-ALGOBUILD_V1.3.0, X-CUBE-ALS_V1.0.1, X-CUBE-AZRTOS-F4_V1.1.0, X-CUBE-AZRTOS-F7_V1.1.0, X-CUBE-AZRTOS-G0_V1.1.0, X-CUBE-AZRTOS-G4_V1.0.0, X-CUBE-AZRTOS-H7_V3.0.0, X-CUBE-AZRTOS-L4_V1.0.0, X-CUBE-AZRTOS-L5_V1.1.0, X-CUBE-AZRTOS-WB_V1.1.0, X-CUBE-AZRTOS-WL_V1.0.0, X-CUBE-BLE1_V6.2.4, X-CUBE-BLE2_V3.3.0, X-CUBE-BLEMGR_V1.3.0, X-CUBE-EEPRMA1_V4.1.0, X-CUBE-FREERTOS_V1.0.1, X-CUBE-GNSS1_V6.0.0, X-CUBE-MEMS1_V9.1.0, X-CUBE-MEMS1_V9.4.0, X-CUBE-MEMS1_V9.5.0, X-CUBE-NFC4_V3.0.0, X-CUBE-NFC7_V1.0.0, X-CUBE-SFXS2LP1_V4.0.0, X-CUBE-SUBG2_V5.0.0]
2024-09-01 16:49:32,056 [ERROR] LogOutputStream:75 - [STDERR_REDIRECT] java.lang.NullPointerException
2024-09-01 16:49:32,058 [ERROR] LogOutputStream:75 - [STDERR_REDIRECT] 	at com.st.stm32cube.common.mx.targetselector.TargetSelectorAdapter.getBoard(TargetSelectorAdapter.java:372)
2024-09-01 16:49:32,060 [ERROR] LogOutputStream:75 - [STDERR_REDIRECT] 	at com.st.stm32cube.common.projectcreation.ui.wizard.TargetSetupPageAbstract.getSelectedTargetName(TargetSetupPageAbstract.java:455)
2024-09-01 16:49:32,061 [ERROR] LogOutputStream:75 - [STDERR_REDIRECT] 	at com.st.stm32cube.common.projectcreation.ui.wizard.FirmwareSetupPage.setOptionGroupComposite(FirmwareSetupPage.java:252)
2024-09-01 16:49:32,062 [ERROR] LogOutputStream:75 - [STDERR_REDIRECT] 	at com.st.stm32cube.common.projectcreation.ui.wizard.FirmwareSetupPage.createControl(FirmwareSetupPage.java:208)
2024-09-01 16:49:32,063 [ERROR] LogOutputStream:75 - [STDERR_REDIRECT] 	at org.eclipse.jface.wizard.Wizard.createPageControls(Wizard.java:178)
2024-09-01 16:49:32,064 [ERROR] LogOutputStream:75 - [STDERR_REDIRECT] 	at org.eclipse.jface.wizard.WizardDialog.createPageControls(WizardDialog.java:743)
2024-09-01 16:49:32,065 [ERROR] LogOutputStream:75 - [STDERR_REDIRECT] 	at org.eclipse.jface.wizard.WizardDialog.createContents(WizardDialog.java:635)
2024-09-01 16:49:32,067 [ERROR] LogOutputStream:75 - [STDERR_REDIRECT] 	at org.eclipse.jface.window.Window.create(Window.java:431)
2024-09-01 16:49:32,067 [ERROR] LogOutputStream:75 - [STDERR_REDIRECT] 	at org.eclipse.jface.dialogs.Dialog.create(Dialog.java:1094)
2024-09-01 16:49:32,068 [ERROR] LogOutputStream:75 - [STDERR_REDIRECT] 	at org.eclipse.jface.window.Window.open(Window.java:788)
2024-09-01 16:49:32,069 [ERROR] LogOutputStream:75 - [STDERR_REDIRECT] 	at com.st.stm32cube.ide.mcu.informationcenter.WelcomePageAction.run(WelcomePageAction.java:54)
2024-09-01 16:49:32,070 [ERROR] LogOutputStream:75 - [STDERR_REDIRECT] 	at org.eclipse.ui.internal.intro.impl.model.url.IntroURL.runAction(IntroURL.java:279)
2024-09-01 16:49:32,072 [ERROR] LogOutputStream:75 - [STDERR_REDIRECT] 	at org.eclipse.ui.internal.intro.impl.model.url.IntroURL.doExecute(IntroURL.java:190)
2024-09-01 16:49:32,073 [ERROR] LogOutputStream:75 - [STDERR_REDIRECT] 	at org.eclipse.ui.internal.intro.impl.model.url.IntroURL.lambda$0(IntroURL.java:145)
2024-09-01 16:49:32,074 [ERROR] LogOutputStream:75 - [STDERR_REDIRECT] 	at org.eclipse.swt.custom.BusyIndicator.showWhile(BusyIndicator.java:74)
2024-09-01 16:49:32,075 [ERROR] LogOutputStream:75 - [STDERR_REDIRECT] 	at org.eclipse.ui.internal.intro.impl.model.url.IntroURL.execute(IntroURL.java:145)
2024-09-01 16:49:32,076 [ERROR] LogOutputStream:75 - [STDERR_REDIRECT] 	at org.eclipse.ui.internal.intro.impl.presentations.BrowserIntroPartLocationListener.changing(BrowserIntroPartLocationListener.java:130)
2024-09-01 16:49:32,077 [ERROR] LogOutputStream:75 - [STDERR_REDIRECT] 	at org.eclipse.swt.browser.WebKit.webkit_decide_policy(WebKit.java:2469)
2024-09-01 16:49:32,077 [ERROR] LogOutputStream:75 - [STDERR_REDIRECT] 	at org.eclipse.swt.browser.WebKit.webViewProc(WebKit.java:743)
2024-09-01 16:49:32,078 [ERROR] LogOutputStream:75 - [STDERR_REDIRECT] 	at org.eclipse.swt.browser.WebKit.Proc(WebKit.java:664)
2024-09-01 16:49:32,079 [ERROR] LogOutputStream:75 - [STDERR_REDIRECT] 	at org.eclipse.swt.internal.gtk3.GTK3.gtk_main_iteration_do(Native Method)
2024-09-01 16:49:32,080 [ERROR] LogOutputStream:75 - [STDERR_REDIRECT] 	at org.eclipse.swt.widgets.Display.readAndDispatch(Display.java:4578)
2024-09-01 16:49:32,081 [ERROR] LogOutputStream:75 - [STDERR_REDIRECT] 	at com.st.stm32cube.common.mx.oss.core.awtswtbridge.SwtInputBlocker.open(SwtInputBlocker.java:55)
2024-09-01 16:49:32,083 [ERROR] LogOutputStream:75 - [STDERR_REDIRECT] 	at com.st.stm32cube.common.mx.oss.core.awtswtbridge.SwtInputBlocker.block(SwtInputBlocker.java:111)
2024-09-01 16:49:32,084 [ERROR] LogOutputStream:75 - [STDERR_REDIRECT] 	at com.st.stm32cube.common.mx.oss.core.awtswtbridge.AwtEnvironment.invokeAwt(AwtEnvironment.java:179)
2024-09-01 16:49:32,086 [ERROR] LogOutputStream:75 - [STDERR_REDIRECT] 	at com.st.stm32cube.common.mx.oss.core.awtswtbridge.AwtEnvironment.invokeAwtAndBlockSwt(AwtEnvironment.java:206)
2024-09-01 16:49:32,087 [ERROR] LogOutputStream:75 - [STDERR_REDIRECT] 	at com.st.stm32cube.common.mx.targetselector.TargetSelectorAdapter.launchMCUFinder(TargetSelectorAdapter.java:233)
2024-09-01 16:49:32,088 [ERROR] LogOutputStream:75 - [STDERR_REDIRECT] 	at com.st.stm32cube.common.mx.targetselector.TargetSelectorAdapter.addTargetSelector(TargetSelectorAdapter.java:181)
2024-09-01 16:49:32,088 [ERROR] LogOutputStream:75 - [STDERR_REDIRECT] 	at com.st.stm32cube.common.projectcreation.ui.wizard.TargetSetupPageAbstract.createControl(TargetSetupPageAbstract.java:131)
2024-09-01 16:49:32,090 [ERROR] LogOutputStream:75 - [STDERR_REDIRECT] 	at org.eclipse.jface.wizard.Wizard.createPageControls(Wizard.java:178)
2024-09-01 16:49:32,091 [ERROR] LogOutputStream:75 - [STDERR_REDIRECT] 	at org.eclipse.jface.wizard.WizardDialog.createPageControls(WizardDialog.java:743)
2024-09-01 16:49:32,092 [ERROR] LogOutputStream:75 - [STDERR_REDIRECT] 	at org.eclipse.jface.wizard.WizardDialog.createContents(WizardDialog.java:635)
2024-09-01 16:49:32,093 [ERROR] LogOutputStream:75 - [STDERR_REDIRECT] 	at org.eclipse.jface.window.Window.create(Window.java:431)
2024-09-01 16:49:32,093 [ERROR] LogOutputStream:75 - [STDERR_REDIRECT] 	at org.eclipse.jface.dialogs.Dialog.create(Dialog.java:1094)
2024-09-01 16:49:32,094 [ERROR] LogOutputStream:75 - [STDERR_REDIRECT] 	at org.eclipse.ui.internal.actions.NewWizardShortcutAction.run(NewWizardShortcutAction.java:119)
2024-09-01 16:49:32,095 [ERROR] LogOutputStream:75 - [STDERR_REDIRECT] 	at org.eclipse.jface.action.Action.runWithEvent(Action.java:474)
2024-09-01 16:49:32,096 [ERROR] LogOutputStream:75 - [STDERR_REDIRECT] 	at org.eclipse.jface.action.ActionContributionItem.handleWidgetSelection(ActionContributionItem.java:580)
2024-09-01 16:49:32,096 [ERROR] LogOutputStream:75 - [STDERR_REDIRECT] 	at org.eclipse.jface.action.ActionContributionItem.lambda$4(ActionContributionItem.java:414)
2024-09-01 16:49:32,097 [ERROR] LogOutputStream:75 - [STDERR_REDIRECT] 	at org.eclipse.swt.widgets.EventTable.sendEvent(EventTable.java:89)
2024-09-01 16:49:32,097 [ERROR] LogOutputStream:75 - [STDERR_REDIRECT] 	at org.eclipse.swt.widgets.Display.sendEvent(Display.java:5895)
2024-09-01 16:49:32,099 [ERROR] LogOutputStream:75 - [STDERR_REDIRECT] 	at org.eclipse.swt.widgets.Widget.sendEvent(Widget.java:1520)
2024-09-01 16:49:32,100 [ERROR] LogOutputStream:75 - [STDERR_REDIRECT] 	at org.eclipse.swt.widgets.Display.runDeferredEvents(Display.java:5126)
2024-09-01 16:49:32,101 [ERROR] LogOutputStream:75 - [STDERR_REDIRECT] 	at org.eclipse.swt.widgets.Display.readAndDispatch(Display.java:4581)
2024-09-01 16:49:32,102 [ERROR] LogOutputStream:75 - [STDERR_REDIRECT] 	at org.eclipse.e4.ui.internal.workbench.swt.PartRenderingEngine$5.run(PartRenderingEngine.java:1155)
2024-09-01 16:49:32,102 [ERROR] LogOutputStream:75 - [STDERR_REDIRECT] 	at org.eclipse.core.databinding.observable.Realm.runWithDefault(Realm.java:338)
2024-09-01 16:49:32,103 [ERROR] LogOutputStream:75 - [STDERR_REDIRECT] 	at org.eclipse.e4.ui.internal.workbench.swt.PartRenderingEngine.run(PartRenderingEngine.java:1046)
2024-09-01 16:49:32,104 [ERROR] LogOutputStream:75 - [STDERR_REDIRECT] 	at org.eclipse.e4.ui.internal.workbench.E4Workbench.createAndRunUI(E4Workbench.java:155)
2024-09-01 16:49:32,105 [ERROR] LogOutputStream:75 - [STDERR_REDIRECT] 	at org.eclipse.ui.internal.Workbench.lambda$3(Workbench.java:644)
2024-09-01 16:49:32,107 [ERROR] LogOutputStream:75 - [STDERR_REDIRECT] 	at org.eclipse.core.databinding.observable.Realm.runWithDefault(Realm.java:338)
2024-09-01 16:49:32,107 [ERROR] LogOutputStream:75 - [STDERR_REDIRECT] 	at org.eclipse.ui.internal.Workbench.createAndRunWorkbench(Workbench.java:551)
2024-09-01 16:49:32,108 [ERROR] LogOutputStream:75 - [STDERR_REDIRECT] 	at org.eclipse.ui.PlatformUI.createAndRunWorkbench(PlatformUI.java:156)
2024-09-01 16:49:32,109 [ERROR] LogOutputStream:75 - [STDERR_REDIRECT] 	at org.eclipse.ui.internal.ide.application.IDEApplication.start(IDEApplication.java:152)
2024-09-01 16:49:32,110 [ERROR] LogOutputStream:75 - [STDERR_REDIRECT] 	at org.eclipse.equinox.internal.app.EclipseAppHandle.run(EclipseAppHandle.java:203)
2024-09-01 16:49:32,110 [ERROR] LogOutputStream:75 - [STDERR_REDIRECT] 	at org.eclipse.core.runtime.internal.adaptor.EclipseAppLauncher.runApplication(EclipseAppLauncher.java:136)
2024-09-01 16:49:32,111 [ERROR] LogOutputStream:75 - [STDERR_REDIRECT] 	at org.eclipse.core.runtime.internal.adaptor.EclipseAppLauncher.start(EclipseAppLauncher.java:104)
2024-09-01 16:49:32,111 [ERROR] LogOutputStream:75 - [STDERR_REDIRECT] 	at org.eclipse.core.runtime.adaptor.EclipseStarter.run(EclipseStarter.java:401)
2024-09-01 16:49:32,112 [ERROR] LogOutputStream:75 - [STDERR_REDIRECT] 	at org.eclipse.core.runtime.adaptor.EclipseStarter.run(EclipseStarter.java:255)
2024-09-01 16:49:32,112 [ERROR] LogOutputStream:75 - [STDERR_REDIRECT] 	at java.base/jdk.internal.reflect.NativeMethodAccessorImpl.invoke0(Native Method)
2024-09-01 16:49:32,113 [ERROR] LogOutputStream:75 - [STDERR_REDIRECT] 	at java.base/jdk.internal.reflect.NativeMethodAccessorImpl.invoke(NativeMethodAccessorImpl.java:62)
2024-09-01 16:49:32,114 [ERROR] LogOutputStream:75 - [STDERR_REDIRECT] 	at java.base/jdk.internal.reflect.DelegatingMethodAccessorImpl.invoke(DelegatingMethodAccessorImpl.java:43)
2024-09-01 16:49:32,114 [ERROR] LogOutputStream:75 - [STDERR_REDIRECT] 	at java.base/java.lang.reflect.Method.invoke(Method.java:566)
2024-09-01 16:49:32,116 [ERROR] LogOutputStream:75 - [STDERR_REDIRECT] 	at org.eclipse.equinox.launcher.Main.invokeFramework(Main.java:659)
2024-09-01 16:49:32,117 [ERROR] LogOutputStream:75 - [STDERR_REDIRECT] 	at org.eclipse.equinox.launcher.Main.basicRun(Main.java:596)
2024-09-01 16:49:32,118 [ERROR] LogOutputStream:75 - [STDERR_REDIRECT] 	at org.eclipse.equinox.launcher.Main.run(Main.java:1467)
2024-09-01 16:49:32,119 [ERROR] LogOutputStream:75 - [STDERR_REDIRECT] 	at org.eclipse.equinox.launcher.Main.main(Main.java:1440)
2024-09-01 16:49:32,126 [INFO] DbBoardsSqlite:226 - include board P-NUCLEO-WB55-NUCLEO as a kit item of type 'Nucleo-64'
2024-09-01 16:49:32,127 [INFO] DbBoardsSqlite:226 - include board P-NUCLEO-WB55-USBDONGLE as a kit item of type 'Nucleo USB Dongle'
2024-09-01 16:49:32,128 [INFO] DbBoardsSqlite:226 - include board STEVAL-IDP005V1 as a kit item of type 'Evaluation Board'
2024-09-01 16:49:32,129 [INFO] DbBoardsSqlite:226 - include board STEVAL-IDP005V2 as a kit item of type 'Evaluation Board'
2024-09-01 16:49:32,293 [INFO] ApiDb:240 - Found 297 in-development CPN: [B-G473E-ZEST1S, B-WB1M-WPAN1, B-WL5M-SUBG1, NUCLEO-C031C6, NUCLEO-H503RB, NUCLEO-H563ZI, NUCLEO-U545RE-Q, NUCLEO-U5A5ZJ-Q, NUCLEO-WBA52CG, STEVAL-PROTEUS1, STEVAL-STWINBX1, STM320518-EVAL, STM32C0116-DK, STM32C011D6Y3TR, STM32C011D6Y6TR, STM32C011F4P3, STM32C011F4P6, STM32C011F4U3, STM32C011F4U6TR, STM32C011F6P3, STM32C011F6P6, STM32C011F6U3, STM32C011F6U6TR, STM32C011J4M3, STM32C011J4M6, STM32C011J6M3, STM32C011J6M6, STM32C0316-DK, STM32C031C4T3, STM32C031C4T6, STM32C031C4U3, STM32C031C4U6, STM32C031C6T3, STM32C031C6T6, STM32C031C6U3, STM32C031C6U6, STM32C031F4P3, STM32C031F4P6, STM32C031F6P3, STM32C031F6P6, STM32C031G4U3, STM32C031G4U6, STM32C031G6U3, STM32C031G6U6, STM32C031K4T3, STM32C031K4T6, STM32C031K4U3, STM32C031K4U6, STM32C031K6T3, STM32C031K6T6, STM32C031K6U3, STM32C031K6U6, STM32G071K8TXN, STM32G071K8UXN, STM32G081GBU6N, STM32G081KBT6N, STM32G081KBUXN, STM32G0B1CCT6N, STM32G0B1KCT6, STM32G0B1NEY6TR, STM32G0B1RCT6N, STM32G0C1CCT6, STM32G0C1CCT6N, STM32G0C1CCU6N, STM32G0C1CET6N, STM32G0C1CEU6N, STM32G0C1KCT6, STM32G0C1NEY6TR, STM32G0C1RCI6N, STM32G0C1RCT6N, STM32G0C1REI6N, STM32G0C1RET6N, STM32G0C1VCI6, STM32G0C1VEI6, STM32G471CCT6, STM32G471CCU6, STM32G471CET3, STM32G471CET6, STM32G471CEU3, STM32G471CEU6, STM32G471MCT6, STM32G471MET3, STM32G471MET6, STM32G471MEY6TR, STM32G471QCT6, STM32G471QET3, STM32G471RCT6, STM32G471RET3, STM32G471RET6, STM32G471VCH6, STM32G471VCI6, STM32G471VCT6, STM32G471VEH3, STM32G471VEH6, STM32G471VEI3, STM32G471VEI6, STM32G471VET3, STM32G471VET6, STM32G474CCT6, STM32H503CBT6, STM32H503CBU6, STM32H503EBY6TR, STM32H503KBU6, STM32H503RBT6, STM32H562AGI6, STM32H562AII6, STM32H562IGK6, STM32H562IGT6, STM32H562IIK6, STM32H562IIT6, STM32H562RGT6, STM32H562RGV6, STM32H562RIT6, STM32H562RIV6, STM32H562VGT6, STM32H562VIT6, STM32H562ZGT6, STM32H562ZIT6, STM32H563AGI6, STM32H563AII3Q, STM32H563AII6, STM32H563IGK6, STM32H563IGT6, STM32H563IIK3Q, STM32H563IIK6, STM32H563IIT3Q, STM32H563IIT6, STM32H563MIY3QTR, STM32H563RGT6, STM32H563RGV6, STM32H563RIT6, STM32H563RIV6, STM32H563VGT6, STM32H563VIT3Q, STM32H563VIT6, STM32H563ZGT6, STM32H563ZIT3Q, STM32H563ZIT6, STM32H573AII3Q, STM32H573AII6, STM32H573I-DK, STM32H573IIK3Q, STM32H573IIK6, STM32H573IIT3Q, STM32H573IIT6, STM32H573MIY3QTR, STM32H573RIT6, STM32H573RIV6, STM32H573VIT3Q, STM32H573VIT6, STM32H573ZIT3Q, STM32H573ZIT6, STM32L4R5QGI6STR, STM32MP131AAE3, STM32MP131AAF3, STM32MP131AAG3, STM32MP131CAE3, STM32MP131CAF3, STM32MP131CAG3, STM32MP131DAE7, STM32MP131DAF7, STM32MP131DAG7, STM32MP131FAE7, STM32MP131FAF7, STM32MP131FAG7, STM32MP133AAE3, STM32MP133AAF3, STM32MP133AAG3, STM32MP133CAE3, STM32MP133CAF3, STM32MP133CAG3, STM32MP133DAE7, STM32MP133DAF7, STM32MP133DAG7, STM32MP133FAE7, STM32MP133FAF7, STM32MP133FAG7, STM32MP135AAE3, STM32MP135AAF3, STM32MP135AAG3, STM32MP135CAE3, STM32MP135CAF3, STM32MP135CAG3, STM32MP135DAE7, STM32MP135DAF7, STM32MP135DAG7, STM32MP135F-DK, STM32MP135FAE7, STM32MP135FAF7, STM32MP135FAF7T, STM32MP135FAF7U, STM32MP135FAG7, STM32U535CBT6, STM32U535CBT6Q, STM32U535CBU6, STM32U535CBU6Q, STM32U535CCT6, STM32U535CCT6Q, STM32U535CCU6, STM32U535CCU6Q, STM32U535CET6, STM32U535CET6Q, STM32U535CEU6, STM32U535CEU6Q, STM32U535JEY6QTR, STM32U535NCY6QTR, STM32U535NEY6QTR, STM32U535RBI6, STM32U535RBI6Q, STM32U535RBT6, STM32U535RBT6Q, STM32U535RCI6, STM32U535RCI6Q, STM32U535RCT6, STM32U535RCT6Q, STM32U535REI6, STM32U535REI6Q, STM32U535RET6, STM32U535RET6Q, STM32U535VCI6, STM32U535VCI6Q, STM32U535VCT6, STM32U535VCT6Q, STM32U535VEI6, STM32U535VEI6Q, STM32U535VET6, STM32U535VET6Q, STM32U545CET6, STM32U545CET6Q, STM32U545CEU6, STM32U545CEU6Q, STM32U545JEY6QTR, STM32U545NEY6QTR, STM32U545REI6, STM32U545REI6Q, STM32U545RET6, STM32U545RET6Q, STM32U545VEI6, STM32U545VEI6Q, STM32U545VET6, STM32U545VET6Q, STM32U595AIH6, STM32U595AIH6Q, STM32U595AJH6, STM32U595AJH6Q, STM32U595QII6, STM32U595QII6Q, STM32U595QJI6, STM32U595QJI6Q, STM32U595RIT6, STM32U595RIT6Q, STM32U595RJT6, STM32U595RJT6Q, STM32U595VIT6, STM32U595VIT6Q, STM32U595VJT6, STM32U595VJT6Q, STM32U595ZIT6, STM32U595ZIT6Q, STM32U595ZIY6QTR, STM32U595ZJT6, STM32U595ZJT6Q, STM32U595ZJY6QTR, STM32U599BJY6QTR, STM32U599NIH6Q, STM32U599NJH6Q, STM32U599VIT6Q, STM32U599VJT6, STM32U599VJT6Q, STM32U599ZIT6Q, STM32U599ZIY6QTR, STM32U599ZJT6Q, STM32U599ZJY6QTR, STM32U5A5AJH6, STM32U5A5AJH6Q, STM32U5A5QJI6, STM32U5A5QJI6Q, STM32U5A5RJT6, STM32U5A5RJT6Q, STM32U5A5VJT6, STM32U5A5VJT6Q, STM32U5A5ZJT6, STM32U5A5ZJT6Q, STM32U5A5ZJY6QTR, STM32U5A9BJY6QTR, STM32U5A9J-DK, STM32U5A9NJH6Q, STM32U5A9VJT6Q, STM32U5A9ZJT6Q, STM32U5A9ZJY6QTR, STM32WB1MMCH6, STM32WBA52CEU6, STM32WBA52CEU6T, STM32WBA52CGU6, STM32WBA52CGU6T, STM32WL5MOCH6, STM32WL5MOCH6TR]
2024-09-01 16:49:32,376 [INFO] ServerAccessManage:473 - Download File STMicroelectronics.X-CUBE-MEMS1.pdsc
2024-09-01 16:49:32,808 [INFO] BoardInfo:880 - No configuration file found for board P-NUCLEO-WB55
2024-09-01 16:49:32,808 [INFO] DbBoards:157 - Kit is not supported: P-NUCLEO-WB55
2024-09-01 16:49:32,824 [INFO] BoardInfo:880 - No configuration file found for board STEVAL-BFA001V1B
2024-09-01 16:49:32,825 [INFO] DbBoards:157 - Kit is not supported: STEVAL-BFA001V1B
2024-09-01 16:49:32,829 [INFO] BoardInfo:880 - No configuration file found for board STEVAL-BFA001V2B
2024-09-01 16:49:32,829 [INFO] DbBoards:157 - Kit is not supported: STEVAL-BFA001V2B
2024-09-01 16:49:33,295 [INFO] DbBoards:161 - Found 187 boards, 184 are supported
2024-09-01 16:49:33,324 [INFO] ApiDb:668 - CubeFinder database Data Model version=2.1
2024-09-01 16:49:33,324 [INFO] ApiDb:669 - CubeFinder database Configuration version=3.0.35
2024-09-01 16:49:33,324 [INFO] ApiDb:670 - CubeFinder database generation date=2023-04-03 (1680511692)
2024-09-01 16:49:33,325 [INFO] ApiDb:671 - CubeFinder database FW Pack versions=[FP-ATR-ASTRA1_V2.0.0, STM32Cube_FW_C0_V1.0.1, STM32Cube_FW_F0_V1.11.4, STM32Cube_FW_F3_V1.11.4, STM32Cube_FW_F4_V1.27.1, STM32Cube_FW_F7_V1.17.0, STM32Cube_FW_G0_V1.6.1, STM32Cube_FW_G4_V1.5.1, STM32Cube_FW_H5_V0.5.1, STM32Cube_FW_H5_V1.0.0, STM32Cube_FW_H7_V1.11.0, STM32Cube_FW_L0_V1.12.2, STM32Cube_FW_L5_V1.5.0, STM32Cube_FW_U5_V1.2.0, STM32Cube_FW_WBA_V1.0.0, STM32Cube_FW_WBA_V1.0.0RC1, STM32Cube_FW_WBA_V1.0.0RC3, STM32Cube_FW_WB_V1.15.0RC1, STM32Cube_FW_WB_V1.16.0, STM32Cube_FW_WB_V1.16.0RC2, STM32Cube_FW_WL_V1.3.0, X-CUBE-ALGOBUILD_V1.3.0, X-CUBE-ALS_V1.0.1, X-CUBE-AZRTOS-F4_V1.1.0, X-CUBE-AZRTOS-F7_V1.1.0, X-CUBE-AZRTOS-G0_V1.1.0, X-CUBE-AZRTOS-G4_V1.0.0, X-CUBE-AZRTOS-H7_V3.0.0, X-CUBE-AZRTOS-L4_V1.0.0, X-CUBE-AZRTOS-L5_V1.1.0, X-CUBE-AZRTOS-WB_V1.1.0, X-CUBE-AZRTOS-WL_V1.0.0, X-CUBE-BLE1_V6.2.4, X-CUBE-BLE2_V3.3.0, X-CUBE-BLEMGR_V1.3.0, X-CUBE-EEPRMA1_V4.1.0, X-CUBE-FREERTOS_V1.0.1, X-CUBE-GNSS1_V6.0.0, X-CUBE-MEMS1_V9.1.0, X-CUBE-MEMS1_V9.4.0, X-CUBE-MEMS1_V9.5.0, X-CUBE-NFC4_V3.0.0, X-CUBE-NFC7_V1.0.0, X-CUBE-SFXS2LP1_V4.0.0, X-CUBE-SUBG2_V5.0.0]
2024-09-01 16:49:37,767 [INFO] ApiDb:240 - Found 297 in-development CPN: [B-G473E-ZEST1S, B-WB1M-WPAN1, B-WL5M-SUBG1, NUCLEO-C031C6, NUCLEO-H503RB, NUCLEO-H563ZI, NUCLEO-U545RE-Q, NUCLEO-U5A5ZJ-Q, NUCLEO-WBA52CG, STEVAL-PROTEUS1, STEVAL-STWINBX1, STM320518-EVAL, STM32C0116-DK, STM32C011D6Y3TR, STM32C011D6Y6TR, STM32C011F4P3, STM32C011F4P6, STM32C011F4U3, STM32C011F4U6TR, STM32C011F6P3, STM32C011F6P6, STM32C011F6U3, STM32C011F6U6TR, STM32C011J4M3, STM32C011J4M6, STM32C011J6M3, STM32C011J6M6, STM32C0316-DK, STM32C031C4T3, STM32C031C4T6, STM32C031C4U3, STM32C031C4U6, STM32C031C6T3, STM32C031C6T6, STM32C031C6U3, STM32C031C6U6, STM32C031F4P3, STM32C031F4P6, STM32C031F6P3, STM32C031F6P6, STM32C031G4U3, STM32C031G4U6, STM32C031G6U3, STM32C031G6U6, STM32C031K4T3, STM32C031K4T6, STM32C031K4U3, STM32C031K4U6, STM32C031K6T3, STM32C031K6T6, STM32C031K6U3, STM32C031K6U6, STM32G071K8TXN, STM32G071K8UXN, STM32G081GBU6N, STM32G081KBT6N, STM32G081KBUXN, STM32G0B1CCT6N, STM32G0B1KCT6, STM32G0B1NEY6TR, STM32G0B1RCT6N, STM32G0C1CCT6, STM32G0C1CCT6N, STM32G0C1CCU6N, STM32G0C1CET6N, STM32G0C1CEU6N, STM32G0C1KCT6, STM32G0C1NEY6TR, STM32G0C1RCI6N, STM32G0C1RCT6N, STM32G0C1REI6N, STM32G0C1RET6N, STM32G0C1VCI6, STM32G0C1VEI6, STM32G471CCT6, STM32G471CCU6, STM32G471CET3, STM32G471CET6, STM32G471CEU3, STM32G471CEU6, STM32G471MCT6, STM32G471MET3, STM32G471MET6, STM32G471MEY6TR, STM32G471QCT6, STM32G471QET3, STM32G471RCT6, STM32G471RET3, STM32G471RET6, STM32G471VCH6, STM32G471VCI6, STM32G471VCT6, STM32G471VEH3, STM32G471VEH6, STM32G471VEI3, STM32G471VEI6, STM32G471VET3, STM32G471VET6, STM32G474CCT6, STM32H503CBT6, STM32H503CBU6, STM32H503EBY6TR, STM32H503KBU6, STM32H503RBT6, STM32H562AGI6, STM32H562AII6, STM32H562IGK6, STM32H562IGT6, STM32H562IIK6, STM32H562IIT6, STM32H562RGT6, STM32H562RGV6, STM32H562RIT6, STM32H562RIV6, STM32H562VGT6, STM32H562VIT6, STM32H562ZGT6, STM32H562ZIT6, STM32H563AGI6, STM32H563AII3Q, STM32H563AII6, STM32H563IGK6, STM32H563IGT6, STM32H563IIK3Q, STM32H563IIK6, STM32H563IIT3Q, STM32H563IIT6, STM32H563MIY3QTR, STM32H563RGT6, STM32H563RGV6, STM32H563RIT6, STM32H563RIV6, STM32H563VGT6, STM32H563VIT3Q, STM32H563VIT6, STM32H563ZGT6, STM32H563ZIT3Q, STM32H563ZIT6, STM32H573AII3Q, STM32H573AII6, STM32H573I-DK, STM32H573IIK3Q, STM32H573IIK6, STM32H573IIT3Q, STM32H573IIT6, STM32H573MIY3QTR, STM32H573RIT6, STM32H573RIV6, STM32H573VIT3Q, STM32H573VIT6, STM32H573ZIT3Q, STM32H573ZIT6, STM32L4R5QGI6STR, STM32MP131AAE3, STM32MP131AAF3, STM32MP131AAG3, STM32MP131CAE3, STM32MP131CAF3, STM32MP131CAG3, STM32MP131DAE7, STM32MP131DAF7, STM32MP131DAG7, STM32MP131FAE7, STM32MP131FAF7, STM32MP131FAG7, STM32MP133AAE3, STM32MP133AAF3, STM32MP133AAG3, STM32MP133CAE3, STM32MP133CAF3, STM32MP133CAG3, STM32MP133DAE7, STM32MP133DAF7, STM32MP133DAG7, STM32MP133FAE7, STM32MP133FAF7, STM32MP133FAG7, STM32MP135AAE3, STM32MP135AAF3, STM32MP135AAG3, STM32MP135CAE3, STM32MP135CAF3, STM32MP135CAG3, STM32MP135DAE7, STM32MP135DAF7, STM32MP135DAG7, STM32MP135F-DK, STM32MP135FAE7, STM32MP135FAF7, STM32MP135FAF7T, STM32MP135FAF7U, STM32MP135FAG7, STM32U535CBT6, STM32U535CBT6Q, STM32U535CBU6, STM32U535CBU6Q, STM32U535CCT6, STM32U535CCT6Q, STM32U535CCU6, STM32U535CCU6Q, STM32U535CET6, STM32U535CET6Q, STM32U535CEU6, STM32U535CEU6Q, STM32U535JEY6QTR, STM32U535NCY6QTR, STM32U535NEY6QTR, STM32U535RBI6, STM32U535RBI6Q, STM32U535RBT6, STM32U535RBT6Q, STM32U535RCI6, STM32U535RCI6Q, STM32U535RCT6, STM32U535RCT6Q, STM32U535REI6, STM32U535REI6Q, STM32U535RET6, STM32U535RET6Q, STM32U535VCI6, STM32U535VCI6Q, STM32U535VCT6, STM32U535VCT6Q, STM32U535VEI6, STM32U535VEI6Q, STM32U535VET6, STM32U535VET6Q, STM32U545CET6, STM32U545CET6Q, STM32U545CEU6, STM32U545CEU6Q, STM32U545JEY6QTR, STM32U545NEY6QTR, STM32U545REI6, STM32U545REI6Q, STM32U545RET6, STM32U545RET6Q, STM32U545VEI6, STM32U545VEI6Q, STM32U545VET6, STM32U545VET6Q, STM32U595AIH6, STM32U595AIH6Q, STM32U595AJH6, STM32U595AJH6Q, STM32U595QII6, STM32U595QII6Q, STM32U595QJI6, STM32U595QJI6Q, STM32U595RIT6, STM32U595RIT6Q, STM32U595RJT6, STM32U595RJT6Q, STM32U595VIT6, STM32U595VIT6Q, STM32U595VJT6, STM32U595VJT6Q, STM32U595ZIT6, STM32U595ZIT6Q, STM32U595ZIY6QTR, STM32U595ZJT6, STM32U595ZJT6Q, STM32U595ZJY6QTR, STM32U599BJY6QTR, STM32U599NIH6Q, STM32U599NJH6Q, STM32U599VIT6Q, STM32U599VJT6, STM32U599VJT6Q, STM32U599ZIT6Q, STM32U599ZIY6QTR, STM32U599ZJT6Q, STM32U599ZJY6QTR, STM32U5A5AJH6, STM32U5A5AJH6Q, STM32U5A5QJI6, STM32U5A5QJI6Q, STM32U5A5RJT6, STM32U5A5RJT6Q, STM32U5A5VJT6, STM32U5A5VJT6Q, STM32U5A5ZJT6, STM32U5A5ZJT6Q, STM32U5A5ZJY6QTR, STM32U5A9BJY6QTR, STM32U5A9J-DK, STM32U5A9NJH6Q, STM32U5A9VJT6Q, STM32U5A9ZJT6Q, STM32U5A9ZJY6QTR, STM32WB1MMCH6, STM32WBA52CEU6, STM32WBA52CEU6T, STM32WBA52CGU6, STM32WBA52CGU6T, STM32WL5MOCH6, STM32WL5MOCH6TR]
2024-09-01 16:49:37,775 [INFO] DbMcus:216 - Found 3775 MCUs, 3775 are supported
2024-09-01 16:49:37,775 [INFO] ApiDb:414 - User favorites file not found: /home/gyumin/.stm32cubeide/favorites.mcus.txt
2024-09-01 16:49:37,776 [INFO] DbMcus:222 - Set 0 / 0 favorites MCUs
2024-09-01 16:49:38,387 [INFO] ApiDb:414 - User favorites file not found: /home/gyumin/.stm32cubeide/favorites.boards.txt
2024-09-01 16:49:38,388 [INFO] DbBoards:190 - Set 0 / 0 favorites Boards
2024-09-01 16:49:38,389 [INFO] McuFinderGlobals:66 - Set McuFinderConnectedMode to true
2024-09-01 16:49:38,413 [INFO] MultiScanPanel:200 - Auto-refresh data requested => check proxy status ongoing
2024-09-01 16:49:38,421 [INFO] FinderPluginLoader:95 - Searching for filters in installed packs
2024-09-01 16:49:41,903 [INFO] ServerAccessManage:473 - Download File STMicroelectronics.X-CUBE-NFC4.pdsc
2024-09-01 16:49:42,747 [ERROR] WebUtils:388 - Updater is busy
2024-09-01 16:49:42,747 [WARN] DetailPanel:346 - Failed to get advertising image, set to default
2024-09-01 16:49:46,783 [INFO] ServerAccessManage:473 - Download File STMicroelectronics.X-CUBE-NFC6.pdsc
2024-09-01 16:49:47,879 [INFO] ServerAccessManage:473 - Download File STMicroelectronics.X-CUBE-NFC7.pdsc
2024-09-01 16:49:48,782 [INFO] ServerAccessManage:473 - Download File STMicroelectronics.X-CUBE-SFXS2LP1.pdsc
2024-09-01 16:49:51,939 [INFO] ServerAccessManage:473 - Download File STMicroelectronics.X-CUBE-SAFEA1.pdsc
2024-09-01 16:49:52,756 [INFO] ServerAccessManage:473 - Download File STMicroelectronics.X-CUBE-SUBG2.pdsc
2024-09-01 16:49:57,261 [INFO] ServerAccessManage:473 - Download File STMicroelectronics.X-CUBE-SMBUS.pdsc
2024-09-01 16:49:58,439 [ERROR] ServerAccessManage:1089 - Problem, file not found on Server
2024-09-01 16:49:59,297 [INFO] ServerAccessManage:473 - Download File STMicroelectronics.X-CUBE-TCPP.pdsc
2024-09-01 16:49:59,866 [INFO] ServerAccessManage:473 - Download File STMicroelectronics.X-CUBE-TOF1.pdsc
2024-09-01 16:50:04,186 [INFO] McuFinderGlobals:66 - Set McuFinderConnectedMode to true
2024-09-01 16:50:04,187 [INFO] MultiScanPanel:200 - Auto-refresh data requested => check proxy status ongoing
2024-09-01 16:50:04,187 [INFO] FinderPluginLoader:95 - Searching for filters in installed packs
2024-09-01 16:50:04,698 [ERROR] ServerAccessManage:1089 - Problem, file not found on Server
2024-09-01 16:50:05,371 [INFO] ServerAccessManage:473 - Download File STMicroelectronics.X-CUBE-TOUCHGFX.pdsc
2024-09-01 16:50:06,780 [ERROR] WebUtils:388 - Updater is busy
2024-09-01 16:50:06,781 [WARN] DetailPanel:346 - Failed to get advertising image, set to default
2024-09-01 16:50:13,374 [INFO] ServerAccessManage:473 - Download File STMicroelectronics.X-CUBE-ALGOBUILD.pdsc
2024-09-01 16:50:16,888 [INFO] ServerAccessManage:473 - Download File STMicroelectronics.X-CUBE-AZRTOS-H7.pdsc
2024-09-01 16:50:21,123 [INFO] ServerAccessManage:473 - Download File STMicroelectronics.X-CUBE-AZRTOS-H7RS.pdsc
2024-09-01 16:50:22,864 [INFO] ServerAccessManage:473 - Download File STMicroelectronics.X-CUBE-AZRTOS-F4.pdsc
2024-09-01 16:50:25,104 [INFO] ServerAccessManage:473 - Download File STMicroelectronics.X-CUBE-AZRTOS-F7.pdsc
2024-09-01 16:50:26,948 [INFO] MainUpdater:2854 - connection check result : 10
2024-09-01 16:50:26,960 [INFO] ServerAccessManage:473 - Download File STMicroelectronics.X-CUBE-AZRTOS-L4.pdsc
2024-09-01 16:50:30,083 [INFO] ServerAccessManage:473 - Download File STMicroelectronics.X-CUBE-AZRTOS-L5.pdsc
2024-09-01 16:50:31,400 [INFO] ServerAccessManage:473 - Download File STMicroelectronics.X-CUBE-AZRTOS-G0.pdsc
2024-09-01 16:50:33,066 [INFO] ServerAccessManage:473 - Download File STMicroelectronics.X-CUBE-AZRTOS-G4.pdsc
2024-09-01 16:50:34,334 [INFO] ServerAccessManage:473 - Download File STMicroelectronics.X-CUBE-AZRTOS-WB.pdsc
2024-09-01 16:50:37,202 [INFO] ServerAccessManage:473 - Download File STMicroelectronics.X-CUBE-AZRTOS-WL.pdsc
2024-09-01 16:50:39,816 [INFO] ServerAccessManage:473 - Download File wolfSSL.I-CUBE-wolfSSL.pdsc
2024-09-01 16:50:45,804 [ERROR] ServerAccessManage:1089 - Problem, file not found on Server
2024-09-01 16:50:46,316 [ERROR] ServerAccessManage:1089 - Problem, file not found on Server
2024-09-01 16:50:46,832 [ERROR] ServerAccessManage:1089 - Problem, file not found on Server
2024-09-01 16:50:46,992 [INFO] McuFinderGlobals:66 - Set McuFinderConnectedMode to true
2024-09-01 16:50:47,017 [INFO] MultiScanPanel:200 - Auto-refresh data requested => check proxy status ongoing
2024-09-01 16:50:47,019 [INFO] FinderPluginLoader:95 - Searching for filters in installed packs
2024-09-01 16:50:47,060 [INFO] ServerAccessManage:473 - Download File wolfSSL.I-CUBE-wolfMQTT.pdsc
2024-09-01 16:50:48,365 [ERROR] ServerAccessManage:1089 - Problem, file not found on Server
2024-09-01 16:50:48,595 [ERROR] WebUtils:388 - Updater is busy
2024-09-01 16:50:48,596 [WARN] DetailPanel:346 - Failed to get advertising image, set to default
2024-09-01 16:50:48,601 [INFO] ServerAccessManage:473 - Download File wolfSSL.I-CUBE-wolfTPM.pdsc
2024-09-01 16:50:50,335 [INFO] ServerAccessManage:473 - Download File wolfSSL.I-CUBE-wolfSSH.pdsc
2024-09-01 16:50:51,242 [INFO] McuFinderGlobals:66 - Set McuFinderConnectedMode to true
2024-09-01 16:50:51,627 [INFO] ApiDb:448 - Save user favorites file /home/gyumin/.stm32cubeide/favorites.mcus.txt: 0 item(s)
2024-09-01 16:50:51,628 [INFO] ApiDb:452 - User favorites MCUs=[]
2024-09-01 16:50:52,321 [INFO] ServerAccessManage:473 - Download File RealThread.X-CUBE-RT-Thread_Nano.pdsc
2024-09-01 16:50:52,679 [INFO] McuFinderGlobals:66 - Set McuFinderConnectedMode to true
2024-09-01 16:50:52,682 [INFO] MultiScanPanel:200 - Auto-refresh data requested => check proxy status ongoing
2024-09-01 16:50:52,683 [INFO] FinderPluginLoader:95 - Searching for filters in installed packs
2024-09-01 16:50:53,997 [INFO] ServerAccessManage:473 - Download File SEGGER.I-CUBE-embOS.pdsc
2024-09-01 16:50:54,954 [ERROR] WebUtils:388 - Updater is busy
2024-09-01 16:50:54,954 [WARN] DetailPanel:346 - Failed to get advertising image, set to default
2024-09-01 16:50:58,298 [INFO] ServerAccessManage:473 - Download File portGmbH.I-Cube-SoM-uGOAL.pdsc
2024-09-01 16:51:01,074 [ERROR] ServerAccessManage:1089 - Problem, file not found on Server
2024-09-01 16:51:01,334 [ERROR] ServerAccessManage:1089 - Problem, file not found on Server
2024-09-01 16:51:01,594 [ERROR] ServerAccessManage:1089 - Problem, file not found on Server
2024-09-01 16:51:03,151 [INFO] ServerAccessManage:473 - Download File emotas.I-CUBE-CANOPEN.pdsc
2024-09-01 16:51:05,366 [INFO] ServerAccessManage:473 - Download File WES.I-CUBE-Cesium.pdsc
2024-09-01 16:51:06,169 [ERROR] ServerAccessManage:1089 - Problem, file not found on Server
2024-09-01 16:51:06,490 [ERROR] ServerAccessManage:1089 - Problem, file not found on Server
2024-09-01 16:51:07,862 [INFO] ServerAccessManage:473 - Download File ITTIA_DB.I-CUBE-ITTIADB.pdsc
2024-09-01 16:51:12,431 [INFO] ServerAccessManage:473 - Download File Infineon.AIROC-Wi-Fi-Bluetooth-STM32.pdsc
2024-09-01 16:51:16,405 [INFO] McuResultTable:1387 - Mark MCU STM32F103RBT6 as favorite
2024-09-01 16:51:18,165 [INFO] ServerAccessManage:473 - Download File Cesanta.I-CUBE-Mongoose.pdsc
2024-09-01 16:51:22,776 [INFO] ServerAccessManage:473 - Download File EmbeddedOffice.I-CUBE-FS-RTOS.pdsc
2024-09-01 16:51:23,777 [WARN] CheckServerUpdateThread:151 - Open CheckUpdateFile Fail
2024-09-01 16:51:23,788 [WARN] PackLoader:240 - Cannot read IP mode file for STMicroelectronics.FP-ATR-ASTRA1.2.0.0
2024-09-01 16:51:23,821 [WARN] PackLoader:240 - Cannot read IP mode file for STMicroelectronics.FP-ATR-SIGFOX1.3.2.0
2024-09-01 16:51:23,842 [WARN] PopulateThirdPartyThread:106 - Error when creating pack: /home/gyumin/.stm32cubemx/thirdparties/pdsc/STMicroelectronics.FP-SNS-STBOX1.pdsc
2024-09-01 16:51:23,859 [WARN] PackLoader:240 - Cannot read IP mode file for STMicroelectronics.FP-SNS-FLIGHT1.5.0.2
2024-09-01 16:51:23,882 [WARN] PackLoader:240 - Cannot read IP mode file for STMicroelectronics.FP-SNS-MOTENV1.5.0.0
2024-09-01 16:51:23,901 [WARN] PackLoader:240 - Cannot read IP mode file for STMicroelectronics.FP-SNS-MOTENVWB1.1.4.0
2024-09-01 16:51:23,919 [WARN] PackLoader:240 - Cannot read IP mode file for STMicroelectronics.FP-SNS-SMARTAG2.1.2.0
2024-09-01 16:51:23,934 [WARN] PackLoader:240 - Cannot read IP mode file for STMicroelectronics.X-CUBE-AI.9.0.0
2024-09-01 16:51:23,956 [WARN] PackLoader:240 - Cannot read IP mode file for STMicroelectronics.X-CUBE-ALS.1.0.2
2024-09-01 16:51:23,985 [WARN] PackLoader:240 - Cannot read IP mode file for STMicroelectronics.X-CUBE-BLE1.7.0.0
2024-09-01 16:51:23,987 [INFO] CheckServerUpdateThread:120 - End of CheckServer Thread
2024-09-01 16:51:24,008 [WARN] PackLoader:240 - Cannot read IP mode file for STMicroelectronics.X-CUBE-BLE2.3.3.0
2024-09-01 16:51:24,061 [WARN] PackLoader:240 - Cannot read IP mode file for STMicroelectronics.X-CUBE-BLEMGR.3.1.0
2024-09-01 16:51:24,110 [WARN] PackLoader:240 - Cannot read IP mode file for STMicroelectronics.X-CUBE-DISPLAY.3.0.0
2024-09-01 16:51:24,133 [WARN] PopulateThirdPartyThread:106 - Error when creating pack: /home/gyumin/.stm32cubemx/thirdparties/pdsc/STMicroelectronics.X-CUBE-DPOWER.pdsc
2024-09-01 16:51:24,157 [WARN] PackLoader:240 - Cannot read IP mode file for STMicroelectronics.X-CUBE-EEPRMA1.5.1.0
2024-09-01 16:51:24,191 [WARN] PackLoader:240 - Cannot read IP mode file for STMicroelectronics.X-CUBE-FREERTOS.1.2.0
2024-09-01 16:51:24,208 [WARN] PackLoader:240 - Cannot read IP mode file for STMicroelectronics.X-CUBE-GNSS1.6.0.0
2024-09-01 16:51:24,228 [WARN] PackLoader:240 - Cannot read IP mode file for STMicroelectronics.X-CUBE-ISPU.2.0.0
2024-09-01 16:51:24,522 [WARN] PackLoader:240 - Cannot read IP mode file for STMicroelectronics.X-CUBE-MEMS1.11.0.0
2024-09-01 16:51:25,732 [WARN] PackLoader:240 - Cannot read IP mode file for STMicroelectronics.X-CUBE-NFC4.3.0.0
2024-09-01 16:51:25,749 [WARN] PackLoader:240 - Cannot read IP mode file for STMicroelectronics.X-CUBE-NFC6.3.1.0
2024-09-01 16:51:25,762 [INFO] McuFinderGlobals:66 - Set McuFinderConnectedMode to true
2024-09-01 16:51:25,767 [INFO] ApiDb:448 - Save user favorites file /home/gyumin/.stm32cubeide/favorites.mcus.txt: 1 item(s)
2024-09-01 16:51:25,768 [INFO] ApiDb:452 - User favorites MCUs=[STM32F103RBT6]
2024-09-01 16:51:26,383 [WARN] PackLoader:240 - Cannot read IP mode file for STMicroelectronics.X-CUBE-NFC7.1.0.1
2024-09-01 16:51:26,408 [WARN] PackLoader:240 - Cannot read IP mode file for STMicroelectronics.X-CUBE-SFXS2LP1.4.0.0
2024-09-01 16:51:26,444 [WARN] PackLoader:240 - Cannot read IP mode file for STMicroelectronics.X-CUBE-SAFEA1.1.2.2
2024-09-01 16:51:26,492 [WARN] PackLoader:240 - Cannot read IP mode file for STMicroelectronics.X-CUBE-SUBG2.5.0.0
2024-09-01 16:51:26,536 [WARN] PackLoader:240 - Cannot read IP mode file for STMicroelectronics.X-CUBE-SMBUS.2.1.0
2024-09-01 16:51:26,554 [WARN] PackLoader:240 - Cannot read IP mode file for STMicroelectronics.X-CUBE-TCPP.4.1.0
2024-09-01 16:51:26,585 [WARN] PopulateThirdPartyThread:106 - Error when creating pack: /home/gyumin/.stm32cubemx/thirdparties/pdsc/STMicroelectronics.X-CUBE-TOF1.pdsc
2024-09-01 16:51:26,591 [WARN] PackLoader:240 - Cannot read IP mode file for STMicroelectronics.X-CUBE-TOUCHGFX.4.24.0
2024-09-01 16:51:26,608 [WARN] PackLoader:240 - Cannot read IP mode file for STMicroelectronics.X-CUBE-ALGOBUILD.1.4.0
2024-09-01 16:51:26,702 [WARN] PackLoader:240 - Cannot read IP mode file for STMicroelectronics.X-CUBE-AZRTOS-H7.3.3.0
2024-09-01 16:51:26,809 [WARN] PackLoader:240 - Cannot read IP mode file for STMicroelectronics.X-CUBE-AZRTOS-H7RS.1.0.0
2024-09-01 16:51:26,851 [WARN] PackLoader:240 - Cannot read IP mode file for STMicroelectronics.X-CUBE-AZRTOS-F4.1.1.0
2024-09-01 16:51:26,885 [WARN] PackLoader:240 - Cannot read IP mode file for STMicroelectronics.X-CUBE-AZRTOS-F7.1.1.0
2024-09-01 16:51:26,922 [WARN] ConditionMgr:438 - getConditionDescription Invalid condition id : LAN8742 Phy interface Condition cause : null
2024-09-01 16:51:26,923 [WARN] PackLoader:240 - Cannot read IP mode file for STMicroelectronics.X-CUBE-AZRTOS-L4.2.0.0
2024-09-01 16:51:26,926 [WARN] ConditionMgr:1039 - genDependencies : Invalid condition id : LAN8742 Phy interface Condition cause : null
2024-09-01 16:51:26,926 [WARN] ConditionMgr:1039 - genDependencies : Invalid condition id : LAN8742 Phy interface Condition cause : null
2024-09-01 16:51:26,928 [WARN] ConditionMgr:1039 - genDependencies : Invalid condition id : LAN8742 Phy interface Condition cause : null
2024-09-01 16:51:26,962 [WARN] PackLoader:240 - Cannot read IP mode file for STMicroelectronics.X-CUBE-AZRTOS-L5.2.0.0
2024-09-01 16:51:26,999 [WARN] PackLoader:240 - Cannot read IP mode file for STMicroelectronics.X-CUBE-AZRTOS-G0.1.1.0
2024-09-01 16:51:27,037 [WARN] PackLoader:240 - Cannot read IP mode file for STMicroelectronics.X-CUBE-AZRTOS-G4.2.0.0
2024-09-01 16:51:27,069 [WARN] ConditionMgr:438 - getConditionDescription Invalid condition id : UX DEVICE CLASS RTOS Condition cause : null
2024-09-01 16:51:27,070 [WARN] ConditionMgr:438 - getConditionDescription Invalid condition id : UX DEVICE CLASS RTOS Condition cause : null
2024-09-01 16:51:27,076 [WARN] PackLoader:240 - Cannot read IP mode file for STMicroelectronics.X-CUBE-AZRTOS-WB.2.0.0
2024-09-01 16:51:27,077 [WARN] ConditionMgr:1039 - genDependencies : Invalid condition id : UX DEVICE CLASS RTOS Condition cause : null
2024-09-01 16:51:27,078 [WARN] ConditionMgr:1039 - genDependencies : Invalid condition id : UX DEVICE CLASS RTOS Condition cause : null
2024-09-01 16:51:27,078 [WARN] ConditionMgr:1039 - genDependencies : Invalid condition id : UX DEVICE CLASS RTOS Condition cause : null
2024-09-01 16:51:27,079 [WARN] ConditionMgr:1039 - genDependencies : Invalid condition id : UX DEVICE CLASS RTOS Condition cause : null
2024-09-01 16:51:27,079 [WARN] ConditionMgr:1039 - genDependencies : Invalid condition id : UX DEVICE CLASS RTOS Condition cause : null
2024-09-01 16:51:27,109 [INFO] LogOutputStream:77 - [STDOUT_REDIRECT] 1 : Invalid condition id : UX_CORESTACK_Condition cause : null
2024-09-01 16:51:27,111 [INFO] LogOutputStream:77 - [STDOUT_REDIRECT] 1 : Invalid condition id : UX_CORESTACK_Condition cause : null
2024-09-01 16:51:27,112 [INFO] LogOutputStream:77 - [STDOUT_REDIRECT] 1 : Invalid condition id : UX_CORESTACK_Condition cause : null
2024-09-01 16:51:27,113 [INFO] LogOutputStream:77 - [STDOUT_REDIRECT] 1 : Invalid condition id : UX_CORESTACK_Condition cause : null
2024-09-01 16:51:27,114 [INFO] LogOutputStream:77 - [STDOUT_REDIRECT] 1 : Invalid condition id : UX_CORESTACK_Condition cause : null
2024-09-01 16:51:27,122 [WARN] PackLoader:240 - Cannot read IP mode file for STMicroelectronics.X-CUBE-AZRTOS-WL.2.0.0
2024-09-01 16:51:27,131 [WARN] PackLoader:240 - Cannot read IP mode file for wolfSSL.I-CUBE-wolfSSL.5.7.2
2024-09-01 16:51:27,136 [WARN] PackLoader:240 - Cannot read IP mode file for wolfSSL.I-CUBE-wolfMQTT.1.19.0
2024-09-01 16:51:27,141 [WARN] PackLoader:240 - Cannot read IP mode file for wolfSSL.I-CUBE-wolfTPM.3.4.0
2024-09-01 16:51:27,146 [WARN] PackLoader:240 - Cannot read IP mode file for wolfSSL.I-CUBE-wolfSSH.1.4.17
2024-09-01 16:51:27,149 [WARN] PopulateThirdPartyThread:106 - Error when creating pack: /home/gyumin/.stm32cubemx/thirdparties/pdsc/RealThread.X-CUBE-RT-Thread_Nano.pdsc
2024-09-01 16:51:27,251 [WARN] PackLoader:240 - Cannot read IP mode file for SEGGER.I-CUBE-embOS.1.3.1
2024-09-01 16:51:27,317 [WARN] PackLoader:240 - Cannot read IP mode file for portGmbH.I-Cube-SoM-uGOAL.1.1.0
2024-09-01 16:51:27,322 [WARN] PackLoader:240 - Cannot read IP mode file for emotas.I-CUBE-CANOPEN.1.3.0
2024-09-01 16:51:27,330 [WARN] PackLoader:240 - Cannot read IP mode file for WES.I-CUBE-Cesium.1.3.0
2024-09-01 16:51:27,336 [WARN] PackLoader:240 - Cannot read IP mode file for ITTIA_DB.I-CUBE-ITTIADB.8.9.0
2024-09-01 16:51:27,345 [WARN] PopulateThirdPartyThread:106 - Error when creating pack: /home/gyumin/.stm32cubemx/thirdparties/pdsc/Infineon.AIROC-Wi-Fi-Bluetooth-STM32.pdsc
2024-09-01 16:51:27,348 [WARN] PackLoader:240 - Cannot read IP mode file for Cesanta.I-CUBE-Mongoose.7.13.0
2024-09-01 16:51:27,351 [WARN] PopulateThirdPartyThread:106 - Error when creating pack: /home/gyumin/.stm32cubemx/thirdparties/pdsc/EmbeddedOffice.I-CUBE-FS-RTOS.pdsc
2024-09-01 16:51:27,351 [INFO] PopulateThirdPartyThread:66 - Ending populate Thread
2024-09-01 16:51:27,358 [INFO] ThirdParty:1030 - CMSIS Pack Vendor :STMicroelectronics X-CUBE-AZRTOS-H7 3.3.0
2024-09-01 16:51:27,358 [INFO] ThirdParty:1030 - CMSIS Pack Vendor :STMicroelectronics X-CUBE-DISPLAY 3.0.0
2024-09-01 16:51:27,358 [INFO] ThirdParty:1030 - CMSIS Pack Vendor :STMicroelectronics X-CUBE-GNSS1 6.0.0
2024-09-01 16:51:27,358 [INFO] ThirdParty:1030 - CMSIS Pack Vendor :STMicroelectronics FP-SNS-MOTENVWB1 1.4.0
2024-09-01 16:51:27,358 [INFO] ThirdParty:1030 - CMSIS Pack Vendor :STMicroelectronics X-CUBE-AZRTOS-F4 1.1.0
2024-09-01 16:51:27,358 [INFO] ThirdParty:1030 - CMSIS Pack Vendor :STMicroelectronics FP-ATR-SIGFOX1 3.2.0
2024-09-01 16:51:27,358 [INFO] ThirdParty:1030 - CMSIS Pack Vendor :STMicroelectronics X-CUBE-BLE1 7.0.0
2024-09-01 16:51:27,358 [INFO] ThirdParty:1030 - CMSIS Pack Vendor :wolfSSL I-CUBE-wolfSSL 5.7.2
2024-09-01 16:51:27,359 [INFO] ThirdParty:1030 - CMSIS Pack Vendor :STMicroelectronics X-CUBE-SMBUS 2.1.0
2024-09-01 16:51:27,359 [INFO] ThirdParty:1030 - CMSIS Pack Vendor :STMicroelectronics X-CUBE-ISPU 2.0.0
2024-09-01 16:51:27,359 [INFO] ThirdParty:1030 - CMSIS Pack Vendor :STMicroelectronics X-CUBE-TCPP 4.1.0
2024-09-01 16:51:27,359 [INFO] ThirdParty:1030 - CMSIS Pack Vendor :STMicroelectronics X-CUBE-EEPRMA1 5.1.0
2024-09-01 16:51:27,359 [INFO] ThirdParty:1030 - CMSIS Pack Vendor :STMicroelectronics X-CUBE-ALS 1.0.2
2024-09-01 16:51:27,359 [INFO] ThirdParty:1030 - CMSIS Pack Vendor :STMicroelectronics X-CUBE-FREERTOS 1.2.0
2024-09-01 16:51:27,359 [INFO] ThirdParty:1030 - CMSIS Pack Vendor :STMicroelectronics X-CUBE-AZRTOS-WB 2.0.0
2024-09-01 16:51:27,359 [INFO] ThirdParty:1030 - CMSIS Pack Vendor :emotas I-CUBE-CANOPEN 1.3.0
2024-09-01 16:51:27,359 [INFO] ThirdParty:1030 - CMSIS Pack Vendor :STMicroelectronics X-CUBE-NFC7 1.0.1
2024-09-01 16:51:27,359 [INFO] ThirdParty:1030 - CMSIS Pack Vendor :STMicroelectronics X-CUBE-TOUCHGFX 4.24.0
2024-09-01 16:51:27,359 [INFO] ThirdParty:1030 - CMSIS Pack Vendor :ITTIA_DB I-CUBE-ITTIADB 8.9.0
2024-09-01 16:51:27,359 [INFO] ThirdParty:1030 - CMSIS Pack Vendor :STMicroelectronics X-CUBE-AZRTOS-F7 1.1.0
2024-09-01 16:51:27,359 [INFO] ThirdParty:1030 - CMSIS Pack Vendor :STMicroelectronics X-CUBE-AZRTOS-L5 2.0.0
2024-09-01 16:51:27,360 [INFO] ThirdParty:1030 - CMSIS Pack Vendor :wolfSSL I-CUBE-wolfTPM 3.4.0
2024-09-01 16:51:27,360 [INFO] ThirdParty:1030 - CMSIS Pack Vendor :portGmbH I-Cube-SoM-uGOAL 1.1.0
2024-09-01 16:51:27,360 [INFO] ThirdParty:1030 - CMSIS Pack Vendor :STMicroelectronics X-CUBE-NFC6 3.1.0
2024-09-01 16:51:27,360 [INFO] ThirdParty:1030 - CMSIS Pack Vendor :STMicroelectronics X-CUBE-BLEMGR 3.1.0
2024-09-01 16:51:27,360 [INFO] ThirdParty:1030 - CMSIS Pack Vendor :STMicroelectronics FP-SNS-SMARTAG2 1.2.0
2024-09-01 16:51:27,360 [INFO] ThirdParty:1030 - CMSIS Pack Vendor :STMicroelectronics X-CUBE-AZRTOS-WL 2.0.0
2024-09-01 16:51:27,360 [INFO] ThirdParty:1030 - CMSIS Pack Vendor :SEGGER I-CUBE-embOS 1.3.1
2024-09-01 16:51:27,360 [INFO] ThirdParty:1030 - CMSIS Pack Vendor :STMicroelectronics X-CUBE-MEMS1 11.0.0
2024-09-01 16:51:27,360 [INFO] ThirdParty:1030 - CMSIS Pack Vendor :STMicroelectronics X-CUBE-ALGOBUILD 1.4.0
2024-09-01 16:51:27,360 [INFO] ThirdParty:1030 - CMSIS Pack Vendor :STMicroelectronics FP-SNS-MOTENV1 5.0.0
2024-09-01 16:51:27,360 [INFO] ThirdParty:1030 - CMSIS Pack Vendor :STMicroelectronics X-CUBE-AZRTOS-G0 1.1.0
2024-09-01 16:51:27,360 [INFO] ThirdParty:1030 - CMSIS Pack Vendor :STMicroelectronics X-CUBE-NFC4 3.0.0
2024-09-01 16:51:27,360 [INFO] ThirdParty:1030 - CMSIS Pack Vendor :STMicroelectronics X-CUBE-SAFEA1 1.2.2
2024-09-01 16:51:27,360 [INFO] ThirdParty:1030 - CMSIS Pack Vendor :STMicroelectronics X-CUBE-SUBG2 5.0.0
2024-09-01 16:51:27,361 [INFO] ThirdParty:1030 - CMSIS Pack Vendor :STMicroelectronics X-CUBE-AZRTOS-H7RS 1.0.0
2024-09-01 16:51:27,361 [INFO] ThirdParty:1030 - CMSIS Pack Vendor :wolfSSL I-CUBE-wolfMQTT 1.19.0
2024-09-01 16:51:27,361 [INFO] ThirdParty:1030 - CMSIS Pack Vendor :STMicroelectronics X-CUBE-AZRTOS-L4 2.0.0
2024-09-01 16:51:27,361 [INFO] ThirdParty:1030 - CMSIS Pack Vendor :STMicroelectronics FP-ATR-ASTRA1 2.0.0
2024-09-01 16:51:27,361 [INFO] ThirdParty:1030 - CMSIS Pack Vendor :WES I-CUBE-Cesium 1.3.0
2024-09-01 16:51:27,361 [INFO] ThirdParty:1030 - CMSIS Pack Vendor :STMicroelectronics X-CUBE-SFXS2LP1 4.0.0
2024-09-01 16:51:27,361 [INFO] ThirdParty:1030 - CMSIS Pack Vendor :STMicroelectronics FP-SNS-FLIGHT1 5.0.2
2024-09-01 16:51:27,361 [INFO] ThirdParty:1030 - CMSIS Pack Vendor :STMicroelectronics X-CUBE-BLE2 3.3.0
2024-09-01 16:51:27,361 [INFO] ThirdParty:1030 - CMSIS Pack Vendor :Cesanta I-CUBE-Mongoose 7.13.0
2024-09-01 16:51:27,361 [INFO] ThirdParty:1030 - CMSIS Pack Vendor :STMicroelectronics X-CUBE-AI 9.0.0
2024-09-01 16:51:27,361 [INFO] ThirdParty:1030 - CMSIS Pack Vendor :STMicroelectronics X-CUBE-AZRTOS-G4 2.0.0
2024-09-01 16:51:27,361 [INFO] ThirdParty:1030 - CMSIS Pack Vendor :wolfSSL I-CUBE-wolfSSH 1.4.17
2024-09-01 16:51:27,363 [INFO] LoadServerUpdatesThread:373 - End of LoadServerUpdate Thread
